2024-10-19 20:13:57.530   Log opened. (Time zone: UTC+02:00)
2024-10-19 20:13:57.530   Setup version: Inno Setup version 5.6.1 (u)
2024-10-19 20:13:57.530   Original Setup EXE: C:\Users\joel_\Downloads\12.0.0.356 - XYZ\12.0.0.356 - XYZ\12.0.0.356 - XYZ\driver_booster_setup.exe
2024-10-19 20:13:57.530   Setup command line: /SL5="$F0B80,29901681,139264,C:\Users\joel_\Downloads\12.0.0.356 - XYZ\12.0.0.356 - XYZ\12.0.0.356 - XYZ\driver_booster_setup.exe" /sp- /verysilent /Installer /norestart /DIR="C:\Program Files (x86)\IObit\Driver Booster" /Installer-DeskIcon /Installer-TaskIcon
2024-10-19 20:13:57.530   Windows version: 10.0.19045  (NT platform: Yes)
2024-10-19 20:13:57.530   64-bit Windows: Yes
2024-10-19 20:13:57.530   Processor architecture: x64
2024-10-19 20:13:57.530   User privileges: Administrative
2024-10-19 20:13:57.536   64-bit install mode: No
2024-10-19 20:13:57.540   Created temporary directory: C:\Users\joel_\AppData\Local\Temp\is-NRBU2.tmp
2024-10-19 20:13:57.544   -- DLL function import --
2024-10-19 20:13:57.544   Function name: CreateToolhelp32Snapshot
2024-10-19 20:13:57.544   DLL name: kernel32.dll
2024-10-19 20:13:57.544   Dest DLL name: kernel32.dll
2024-10-19 20:13:57.544   Importing the DLL function.
2024-10-19 20:13:57.544   Successfully imported the DLL function. Delay loaded? No
2024-10-19 20:13:57.544   -- DLL function import --
2024-10-19 20:13:57.544   Function name: Process32FirstW
2024-10-19 20:13:57.544   DLL name: kernel32.dll
2024-10-19 20:13:57.544   Dest DLL name: kernel32.dll
2024-10-19 20:13:57.544   Importing the DLL function.
2024-10-19 20:13:57.544   Successfully imported the DLL function. Delay loaded? No
2024-10-19 20:13:57.544   -- DLL function import --
2024-10-19 20:13:57.544   Function name: Process32NextW
2024-10-19 20:13:57.544   DLL name: kernel32.dll
2024-10-19 20:13:57.544   Dest DLL name: kernel32.dll
2024-10-19 20:13:57.545   Importing the DLL function.
2024-10-19 20:13:57.545   Successfully imported the DLL function. Delay loaded? No
2024-10-19 20:13:57.545   -- DLL function import --
2024-10-19 20:13:57.545   Function name: Module32FirstW
2024-10-19 20:13:57.545   DLL name: kernel32.dll
2024-10-19 20:13:57.545   Dest DLL name: kernel32.dll
2024-10-19 20:13:57.545   Importing the DLL function.
2024-10-19 20:13:57.545   Successfully imported the DLL function. Delay loaded? No
2024-10-19 20:13:57.545   -- DLL function import --
2024-10-19 20:13:57.545   Function name: Module32NextW
2024-10-19 20:13:57.545   DLL name: kernel32.dll
2024-10-19 20:13:57.545   Dest DLL name: kernel32.dll
2024-10-19 20:13:57.545   Importing the DLL function.
2024-10-19 20:13:57.545   Successfully imported the DLL function. Delay loaded? No
2024-10-19 20:13:57.545   -- DLL function import --
2024-10-19 20:13:57.545   Function name: OpenProcess
2024-10-19 20:13:57.545   DLL name: kernel32.dll
2024-10-19 20:13:57.545   Dest DLL name: kernel32.dll
2024-10-19 20:13:57.545   Importing the DLL function.
2024-10-19 20:13:57.545   Successfully imported the DLL function. Delay loaded? No
2024-10-19 20:13:57.545   -- DLL function import --
2024-10-19 20:13:57.545   Function name: GetCurrentProcess
2024-10-19 20:13:57.545   DLL name: kernel32.dll
2024-10-19 20:13:57.545   Dest DLL name: kernel32.dll
2024-10-19 20:13:57.545   Importing the DLL function.
2024-10-19 20:13:57.545   Successfully imported the DLL function. Delay loaded? No
2024-10-19 20:13:57.545   -- DLL function import --
2024-10-19 20:13:57.545   Function name: TerminateProcess
2024-10-19 20:13:57.545   DLL name: kernel32.dll
2024-10-19 20:13:57.545   Dest DLL name: kernel32.dll
2024-10-19 20:13:57.545   Importing the DLL function.
2024-10-19 20:13:57.545   Successfully imported the DLL function. Delay loaded? No
2024-10-19 20:13:57.545   -- DLL function import --
2024-10-19 20:13:57.545   Function name: CloseHandle
2024-10-19 20:13:57.545   DLL name: kernel32.dll
2024-10-19 20:13:57.545   Dest DLL name: kernel32.dll
2024-10-19 20:13:57.545   Importing the DLL function.
2024-10-19 20:13:57.545   Successfully imported the DLL function. Delay loaded? No
2024-10-19 20:13:57.545   -- DLL function import --
2024-10-19 20:13:57.545   Function name: ExitProcess
2024-10-19 20:13:57.545   DLL name: kernel32.dll
2024-10-19 20:13:57.545   Dest DLL name: kernel32.dll
2024-10-19 20:13:57.545   Importing the DLL function.
2024-10-19 20:13:57.545   Successfully imported the DLL function. Delay loaded? No
2024-10-19 20:13:57.545   -- DLL function import --
2024-10-19 20:13:57.545   Function name: IsUS
2024-10-19 20:13:57.545   DLL name: setup:files:RdZone.dll
2024-10-19 20:13:57.545   Extracting temporary file: C:\Users\joel_\AppData\Local\Temp\is-NRBU2.tmp\RdZone.dll
2024-10-19 20:13:59.332   Dest DLL name: C:\Users\joel_\AppData\Local\Temp\is-NRBU2.tmp\RdZone.dll
2024-10-19 20:13:59.332   Importing the DLL function.
2024-10-19 20:13:59.332   Successfully imported the DLL function. Delay loaded? Yes
2024-10-19 20:13:59.332   -- DLL function import --
2024-10-19 20:13:59.332   Function name: IsUK
2024-10-19 20:13:59.332   DLL name: setup:files:RdZone.dll
2024-10-19 20:13:59.332   Dest DLL name: C:\Users\joel_\AppData\Local\Temp\is-NRBU2.tmp\RdZone.dll
2024-10-19 20:13:59.332   Importing the DLL function.
2024-10-19 20:13:59.332   Successfully imported the DLL function. Delay loaded? Yes
2024-10-19 20:13:59.332   -- DLL function import --
2024-10-19 20:13:59.332   Function name: IsFrance
2024-10-19 20:13:59.332   DLL name: setup:files:RdZone.dll
2024-10-19 20:13:59.332   Dest DLL name: C:\Users\joel_\AppData\Local\Temp\is-NRBU2.tmp\RdZone.dll
2024-10-19 20:13:59.332   Importing the DLL function.
2024-10-19 20:13:59.332   Successfully imported the DLL function. Delay loaded? Yes
2024-10-19 20:13:59.332   -- DLL function import --
2024-10-19 20:13:59.332   Function name: IsGermany
2024-10-19 20:13:59.332   DLL name: setup:files:RdZone.dll
2024-10-19 20:13:59.332   Dest DLL name: C:\Users\joel_\AppData\Local\Temp\is-NRBU2.tmp\RdZone.dll
2024-10-19 20:13:59.332   Importing the DLL function.
2024-10-19 20:13:59.332   Successfully imported the DLL function. Delay loaded? Yes
2024-10-19 20:13:59.332   -- DLL function import --
2024-10-19 20:13:59.332   Function name: IsItaly
2024-10-19 20:13:59.332   DLL name: setup:files:RdZone.dll
2024-10-19 20:13:59.332   Dest DLL name: C:\Users\joel_\AppData\Local\Temp\is-NRBU2.tmp\RdZone.dll
2024-10-19 20:13:59.332   Importing the DLL function.
2024-10-19 20:13:59.332   Successfully imported the DLL function. Delay loaded? Yes
2024-10-19 20:13:59.332   -- DLL function import --
2024-10-19 20:13:59.332   Function name: IsSpain
2024-10-19 20:13:59.332   DLL name: setup:files:RdZone.dll
2024-10-19 20:13:59.333   Dest DLL name: C:\Users\joel_\AppData\Local\Temp\is-NRBU2.tmp\RdZone.dll
2024-10-19 20:13:59.333   Importing the DLL function.
2024-10-19 20:13:59.333   Successfully imported the DLL function. Delay loaded? Yes
2024-10-19 20:13:59.333   -- DLL function import --
2024-10-19 20:13:59.333   Function name: IsCanada
2024-10-19 20:13:59.333   DLL name: setup:files:RdZone.dll
2024-10-19 20:13:59.333   Dest DLL name: C:\Users\joel_\AppData\Local\Temp\is-NRBU2.tmp\RdZone.dll
2024-10-19 20:13:59.333   Importing the DLL function.
2024-10-19 20:13:59.333   Successfully imported the DLL function. Delay loaded? Yes
2024-10-19 20:13:59.333   -- DLL function import --
2024-10-19 20:13:59.333   Function name: IsBrazil
2024-10-19 20:13:59.333   DLL name: setup:files:RdZone.dll
2024-10-19 20:13:59.333   Dest DLL name: C:\Users\joel_\AppData\Local\Temp\is-NRBU2.tmp\RdZone.dll
2024-10-19 20:13:59.333   Importing the DLL function.
2024-10-19 20:13:59.333   Successfully imported the DLL function. Delay loaded? Yes
2024-10-19 20:13:59.333   -- DLL function import --
2024-10-19 20:13:59.333   Function name: IsRussia
2024-10-19 20:13:59.333   DLL name: setup:files:RdZone.dll
2024-10-19 20:13:59.333   Dest DLL name: C:\Users\joel_\AppData\Local\Temp\is-NRBU2.tmp\RdZone.dll
2024-10-19 20:13:59.333   Importing the DLL function.
2024-10-19 20:13:59.333   Successfully imported the DLL function. Delay loaded? Yes
2024-10-19 20:13:59.333   -- DLL function import --
2024-10-19 20:13:59.333   Function name: IsTurkish
2024-10-19 20:13:59.333   DLL name: setup:files:RdZone.dll
2024-10-19 20:13:59.333   Dest DLL name: C:\Users\joel_\AppData\Local\Temp\is-NRBU2.tmp\RdZone.dll
2024-10-19 20:13:59.333   Importing the DLL function.
2024-10-19 20:13:59.333   Successfully imported the DLL function. Delay loaded? Yes
2024-10-19 20:13:59.333   -- DLL function import --
2024-10-19 20:13:59.333   Function name: IsCzech
2024-10-19 20:13:59.333   DLL name: setup:files:RdZone.dll
2024-10-19 20:13:59.333   Dest DLL name: C:\Users\joel_\AppData\Local\Temp\is-NRBU2.tmp\RdZone.dll
2024-10-19 20:13:59.333   Importing the DLL function.
2024-10-19 20:13:59.333   Successfully imported the DLL function. Delay loaded? Yes
2024-10-19 20:13:59.333   -- DLL function import --
2024-10-19 20:13:59.333   Function name: IsUkraine
2024-10-19 20:13:59.333   DLL name: setup:files:RdZone.dll
2024-10-19 20:13:59.333   Dest DLL name: C:\Users\joel_\AppData\Local\Temp\is-NRBU2.tmp\RdZone.dll
2024-10-19 20:13:59.333   Importing the DLL function.
2024-10-19 20:13:59.333   Successfully imported the DLL function. Delay loaded? Yes
2024-10-19 20:13:59.333   -- DLL function import --
2024-10-19 20:13:59.333   Function name: IsChina
2024-10-19 20:13:59.334   DLL name: setup:files:RdZone.dll
2024-10-19 20:13:59.334   Dest DLL name: C:\Users\joel_\AppData\Local\Temp\is-NRBU2.tmp\RdZone.dll
2024-10-19 20:13:59.334   Importing the DLL function.
2024-10-19 20:13:59.334   Successfully imported the DLL function. Delay loaded? Yes
2024-10-19 20:13:59.334   -- DLL function import --
2024-10-19 20:13:59.334   Function name: IsMexico
2024-10-19 20:13:59.334   DLL name: setup:files:RdZone.dll
2024-10-19 20:13:59.334   Dest DLL name: C:\Users\joel_\AppData\Local\Temp\is-NRBU2.tmp\RdZone.dll
2024-10-19 20:13:59.334   Importing the DLL function.
2024-10-19 20:13:59.334   Successfully imported the DLL function. Delay loaded? Yes
2024-10-19 20:13:59.334   -- DLL function import --
2024-10-19 20:13:59.334   Function name: IsPoland
2024-10-19 20:13:59.334   DLL name: setup:files:RdZone.dll
2024-10-19 20:13:59.334   Dest DLL name: C:\Users\joel_\AppData\Local\Temp\is-NRBU2.tmp\RdZone.dll
2024-10-19 20:13:59.334   Importing the DLL function.
2024-10-19 20:13:59.334   Successfully imported the DLL function. Delay loaded? Yes
2024-10-19 20:13:59.334   -- DLL function import --
2024-10-19 20:13:59.334   Function name: IsThailand
2024-10-19 20:13:59.334   DLL name: setup:files:RdZone.dll
2024-10-19 20:13:59.334   Dest DLL name: C:\Users\joel_\AppData\Local\Temp\is-NRBU2.tmp\RdZone.dll
2024-10-19 20:13:59.334   Importing the DLL function.
2024-10-19 20:13:59.334   Successfully imported the DLL function. Delay loaded? Yes
2024-10-19 20:13:59.334   -- DLL function import --
2024-10-19 20:13:59.334   Function name: IsHongKong
2024-10-19 20:13:59.334   DLL name: setup:files:RdZone.dll
2024-10-19 20:13:59.334   Dest DLL name: C:\Users\joel_\AppData\Local\Temp\is-NRBU2.tmp\RdZone.dll
2024-10-19 20:13:59.334   Importing the DLL function.
2024-10-19 20:13:59.334   Successfully imported the DLL function. Delay loaded? Yes
2024-10-19 20:13:59.334   -- DLL function import --
2024-10-19 20:13:59.334   Function name: IsMacau
2024-10-19 20:13:59.334   DLL name: setup:files:RdZone.dll
2024-10-19 20:13:59.334   Dest DLL name: C:\Users\joel_\AppData\Local\Temp\is-NRBU2.tmp\RdZone.dll
2024-10-19 20:13:59.334   Importing the DLL function.
2024-10-19 20:13:59.334   Successfully imported the DLL function. Delay loaded? Yes
2024-10-19 20:13:59.334   -- DLL function import --
2024-10-19 20:13:59.334   Function name: IsTaiwan
2024-10-19 20:13:59.334   DLL name: setup:files:RdZone.dll
2024-10-19 20:13:59.334   Dest DLL name: C:\Users\joel_\AppData\Local\Temp\is-NRBU2.tmp\RdZone.dll
2024-10-19 20:13:59.334   Importing the DLL function.
2024-10-19 20:13:59.334   Successfully imported the DLL function. Delay loaded? Yes
2024-10-19 20:13:59.334   -- DLL function import --
2024-10-19 20:13:59.335   Function name: IsMalaysia
2024-10-19 20:13:59.335   DLL name: setup:files:RdZone.dll
2024-10-19 20:13:59.335   Dest DLL name: C:\Users\joel_\AppData\Local\Temp\is-NRBU2.tmp\RdZone.dll
2024-10-19 20:13:59.335   Importing the DLL function.
2024-10-19 20:13:59.335   Successfully imported the DLL function. Delay loaded? Yes
2024-10-19 20:13:59.335   -- DLL function import --
2024-10-19 20:13:59.335   Function name: IsSingapore
2024-10-19 20:13:59.335   DLL name: setup:files:RdZone.dll
2024-10-19 20:13:59.335   Dest DLL name: C:\Users\joel_\AppData\Local\Temp\is-NRBU2.tmp\RdZone.dll
2024-10-19 20:13:59.335   Importing the DLL function.
2024-10-19 20:13:59.335   Successfully imported the DLL function. Delay loaded? Yes
2024-10-19 20:13:59.335   -- DLL function import --
2024-10-19 20:13:59.335   Function name: IsArmenia
2024-10-19 20:13:59.335   DLL name: setup:files:RdZone.dll
2024-10-19 20:13:59.335   Dest DLL name: C:\Users\joel_\AppData\Local\Temp\is-NRBU2.tmp\RdZone.dll
2024-10-19 20:13:59.335   Importing the DLL function.
2024-10-19 20:13:59.335   Successfully imported the DLL function. Delay loaded? Yes
2024-10-19 20:13:59.335   -- DLL function import --
2024-10-19 20:13:59.335   Function name: IsAzerbaijan
2024-10-19 20:13:59.335   DLL name: setup:files:RdZone.dll
2024-10-19 20:13:59.335   Dest DLL name: C:\Users\joel_\AppData\Local\Temp\is-NRBU2.tmp\RdZone.dll
2024-10-19 20:13:59.335   Importing the DLL function.
2024-10-19 20:13:59.335   Successfully imported the DLL function. Delay loaded? Yes
2024-10-19 20:13:59.335   -- DLL function import --
2024-10-19 20:13:59.335   Function name: IsBelarus
2024-10-19 20:13:59.335   DLL name: setup:files:RdZone.dll
2024-10-19 20:13:59.335   Dest DLL name: C:\Users\joel_\AppData\Local\Temp\is-NRBU2.tmp\RdZone.dll
2024-10-19 20:13:59.335   Importing the DLL function.
2024-10-19 20:13:59.335   Successfully imported the DLL function. Delay loaded? Yes
2024-10-19 20:13:59.335   -- DLL function import --
2024-10-19 20:13:59.335   Function name: IsGeorgia
2024-10-19 20:13:59.335   DLL name: setup:files:RdZone.dll
2024-10-19 20:13:59.335   Dest DLL name: C:\Users\joel_\AppData\Local\Temp\is-NRBU2.tmp\RdZone.dll
2024-10-19 20:13:59.335   Importing the DLL function.
2024-10-19 20:13:59.335   Successfully imported the DLL function. Delay loaded? Yes
2024-10-19 20:13:59.335   -- DLL function import --
2024-10-19 20:13:59.335   Function name: IsKazakhstan
2024-10-19 20:13:59.335   DLL name: setup:files:RdZone.dll
2024-10-19 20:13:59.335   Dest DLL name: C:\Users\joel_\AppData\Local\Temp\is-NRBU2.tmp\RdZone.dll
2024-10-19 20:13:59.335   Importing the DLL function.
2024-10-19 20:13:59.335   Successfully imported the DLL function. Delay loaded? Yes
2024-10-19 20:13:59.335   -- DLL function import --
2024-10-19 20:13:59.335   Function name: IsKyrgyzstan
2024-10-19 20:13:59.335   DLL name: setup:files:RdZone.dll
2024-10-19 20:13:59.335   Dest DLL name: C:\Users\joel_\AppData\Local\Temp\is-NRBU2.tmp\RdZone.dll
2024-10-19 20:13:59.335   Importing the DLL function.
2024-10-19 20:13:59.335   Successfully imported the DLL function. Delay loaded? Yes
2024-10-19 20:13:59.335   -- DLL function import --
2024-10-19 20:13:59.335   Function name: IsTajikistan
2024-10-19 20:13:59.335   DLL name: setup:files:RdZone.dll
2024-10-19 20:13:59.337   Dest DLL name: C:\Users\joel_\AppData\Local\Temp\is-NRBU2.tmp\RdZone.dll
2024-10-19 20:13:59.337   Importing the DLL function.
2024-10-19 20:13:59.337   Successfully imported the DLL function. Delay loaded? Yes
2024-10-19 20:13:59.337   -- DLL function import --
2024-10-19 20:13:59.337   Function name: IsTurkmenistan
2024-10-19 20:13:59.337   DLL name: setup:files:RdZone.dll
2024-10-19 20:13:59.337   Dest DLL name: C:\Users\joel_\AppData\Local\Temp\is-NRBU2.tmp\RdZone.dll
2024-10-19 20:13:59.337   Importing the DLL function.
2024-10-19 20:13:59.337   Successfully imported the DLL function. Delay loaded? Yes
2024-10-19 20:13:59.337   -- DLL function import --
2024-10-19 20:13:59.337   Function name: IsUzbekistan
2024-10-19 20:13:59.337   DLL name: setup:files:RdZone.dll
2024-10-19 20:13:59.337   Dest DLL name: C:\Users\joel_\AppData\Local\Temp\is-NRBU2.tmp\RdZone.dll
2024-10-19 20:13:59.337   Importing the DLL function.
2024-10-19 20:13:59.337   Successfully imported the DLL function. Delay loaded? Yes
2024-10-19 20:13:59.337   -- DLL function import --
2024-10-19 20:13:59.337   Function name: IsJapan
2024-10-19 20:13:59.337   DLL name: setup:files:RdZone.dll
2024-10-19 20:13:59.337   Dest DLL name: C:\Users\joel_\AppData\Local\Temp\is-NRBU2.tmp\RdZone.dll
2024-10-19 20:13:59.337   Importing the DLL function.
2024-10-19 20:13:59.337   Successfully imported the DLL function. Delay loaded? Yes
2024-10-19 20:13:59.337   -- DLL function import --
2024-10-19 20:13:59.337   Function name: GetLastError
2024-10-19 20:13:59.337   DLL name: kernel32.dll
2024-10-19 20:13:59.337   Dest DLL name: kernel32.dll
2024-10-19 20:13:59.337   Importing the DLL function.
2024-10-19 20:13:59.337   Successfully imported the DLL function. Delay loaded? No
2024-10-19 20:13:59.337   -- DLL function import --
2024-10-19 20:13:59.337   Function name: OpenProcessToken
2024-10-19 20:13:59.337   DLL name: advapi32.dll
2024-10-19 20:13:59.337   Dest DLL name: advapi32.dll
2024-10-19 20:13:59.337   Importing the DLL function.
2024-10-19 20:13:59.337   Successfully imported the DLL function. Delay loaded? No
2024-10-19 20:13:59.337   -- DLL function import --
2024-10-19 20:13:59.337   Function name: LookupPrivilegeValueA
2024-10-19 20:13:59.337   DLL name: advapi32.dll
2024-10-19 20:13:59.337   Dest DLL name: advapi32.dll
2024-10-19 20:13:59.337   Importing the DLL function.
2024-10-19 20:13:59.337   Successfully imported the DLL function. Delay loaded? No
2024-10-19 20:13:59.337   -- DLL function import --
2024-10-19 20:13:59.337   Function name: AdjustTokenPrivileges
2024-10-19 20:13:59.337   DLL name: advapi32.dll
2024-10-19 20:13:59.337   Dest DLL name: advapi32.dll
2024-10-19 20:13:59.337   Importing the DLL function.
2024-10-19 20:13:59.337   Successfully imported the DLL function. Delay loaded? No
2024-10-19 20:13:59.337   -- DLL function import --
2024-10-19 20:13:59.337   Function name: GetSystemMetrics
2024-10-19 20:13:59.337   DLL name: user32.dll
2024-10-19 20:13:59.337   Dest DLL name: user32.dll
2024-10-19 20:13:59.337   Importing the DLL function.
2024-10-19 20:13:59.337   Successfully imported the DLL function. Delay loaded? No
2024-10-19 20:13:59.372   Extracting temporary file: C:\Users\joel_\AppData\Local\Temp\is-NRBU2.tmp\Inno_English.lng
2024-10-19 20:14:01.096   Extracting temporary file: C:\Users\joel_\AppData\Local\Temp\is-NRBU2.tmp\Inno_Spanish.lng
2024-10-19 20:14:01.219   GetSetupDir 2
2024-10-19 20:14:01.219   Result : C:\Program Files (x86)\IObit\Driver Booster
2024-10-19 20:14:01.221   Extracting temporary file: C:\Users\joel_\AppData\Local\Temp\is-NRBU2.tmp\Inno_Spanish.lng
2024-10-19 20:14:02.927   Extracting temporary file: C:\Users\joel_\AppData\Local\Temp\is-NRBU2.tmp\db_xp_support.bmp
2024-10-19 20:14:02.947   Starting the installation process.
2024-10-19 20:14:02.959   Creating directory: C:\Program Files (x86)\IObit\Driver Booster
2024-10-19 20:14:02.959   Directory for uninstall files: C:\Program Files (x86)\IObit\Driver Booster\12.0.0
2024-10-19 20:14:02.959   Creating directory: C:\Program Files (x86)\IObit\Driver Booster\12.0.0
2024-10-19 20:14:02.960   Creating new uninstall log: C:\Program Files (x86)\IObit\Driver Booster\12.0.0\unins000.dat
2024-10-19 20:14:02.961   -- File entry --
2024-10-19 20:14:02.961   Dest filename: C:\Program Files (x86)\IObit\Driver Booster\12.0.0\unins000.exe
2024-10-19 20:14:02.963   Time stamp of our file: 2024-10-19 20:13:57.455
2024-10-19 20:14:02.963   Installing the file.
2024-10-19 20:14:02.966   Uninstaller requires administrator: Yes
2024-10-19 20:14:02.966   Successfully installed the file.
2024-10-19 20:14:02.966   -- File entry --
2024-10-19 20:14:02.966   Dest filename: C:\Program Files (x86)\IObit\Driver Booster\12.0.0\EULA.rtf
2024-10-19 20:14:02.967   Time stamp of our file: 2024-09-27 14:30:42.000
2024-10-19 20:14:02.967   Installing the file.
2024-10-19 20:14:03.103   Successfully installed the file.
2024-10-19 20:14:03.103   -- File entry --
2024-10-19 20:14:03.103   Dest filename: C:\Program Files (x86)\IObit\Driver Booster\12.0.0\DriverBooster.exe
2024-10-19 20:14:03.104   Time stamp of our file: 2024-10-10 10:40:08.000
2024-10-19 20:14:03.104   Installing the file.
2024-10-19 20:14:03.313   Successfully installed the file.
2024-10-19 20:14:03.313   -- File entry --
2024-10-19 20:14:03.313   Dest filename: C:\Program Files (x86)\IObit\Driver Booster\12.0.0\Scanner.dll
2024-10-19 20:14:03.313   Time stamp of our file: 2024-09-02 13:27:16.000
2024-10-19 20:14:03.313   Installing the file.
2024-10-19 20:14:03.329   Successfully installed the file.
2024-10-19 20:14:03.329   -- File entry --
2024-10-19 20:14:03.329   Dest filename: C:\Program Files (x86)\IObit\Driver Booster\12.0.0\Register.dll
2024-10-19 20:14:03.329   Time stamp of our file: 2024-08-26 10:08:00.000
2024-10-19 20:14:03.329   Installing the file.
2024-10-19 20:14:03.348   Successfully installed the file.
2024-10-19 20:14:03.348   -- File entry --
2024-10-19 20:14:03.348   Dest filename: C:\Program Files (x86)\IObit\Driver Booster\12.0.0\AutoUpdate.exe
2024-10-19 20:14:03.348   Time stamp of our file: 2024-09-20 17:00:28.000
2024-10-19 20:14:03.348   Installing the file.
2024-10-19 20:14:03.385   Successfully installed the file.
2024-10-19 20:14:03.385   -- File entry --
2024-10-19 20:14:03.385   Dest filename: C:\Program Files (x86)\IObit\Driver Booster\12.0.0\FaultFixes.exe
2024-10-19 20:14:03.385   Time stamp of our file: 2024-08-12 14:25:34.000
2024-10-19 20:14:03.385   Installing the file.
2024-10-19 20:14:03.416   Successfully installed the file.
2024-10-19 20:14:03.416   -- File entry --
2024-10-19 20:14:03.416   Dest filename: C:\Program Files (x86)\IObit\Driver Booster\12.0.0\DrvInstall\DbzInst.dll
2024-10-19 20:14:03.416   Time stamp of our file: 2024-08-13 10:13:12.000
2024-10-19 20:14:03.416   Installing the file.
2024-10-19 20:14:03.417   Creating directory: C:\Program Files (x86)\IObit\Driver Booster\12.0.0\DrvInstall
2024-10-19 20:14:03.429   Successfully installed the file.
2024-10-19 20:14:03.429   -- File entry --
2024-10-19 20:14:03.430   Dest filename: C:\Program Files (x86)\IObit\Driver Booster\12.0.0\DrvInstall\DpInstX32.exe
2024-10-19 20:14:03.430   Time stamp of our file: 2024-08-09 16:07:52.000
2024-10-19 20:14:03.430   Installing the file.
2024-10-19 20:14:03.457   Successfully installed the file.
2024-10-19 20:14:03.457   -- File entry --
2024-10-19 20:14:03.457   Dest filename: C:\Program Files (x86)\IObit\Driver Booster\12.0.0\DrvInstall\DpInstX64.exe
2024-10-19 20:14:03.458   Time stamp of our file: 2024-08-09 16:08:04.000
2024-10-19 20:14:03.458   Installing the file.
2024-10-19 20:14:03.497   Successfully installed the file.
2024-10-19 20:14:03.497   -- File entry --
2024-10-19 20:14:03.497   Dest filename: C:\Program Files (x86)\IObit\Driver Booster\12.0.0\DriverUpdate.exe
2024-10-19 20:14:03.498   Time stamp of our file: 2024-09-02 13:27:02.000
2024-10-19 20:14:03.498   Installing the file.
2024-10-19 20:14:03.523   Successfully installed the file.
2024-10-19 20:14:03.523   -- File entry --
2024-10-19 20:14:03.523   Dest filename: C:\Program Files (x86)\IObit\Driver Booster\12.0.0\ScanWinUpd.exe
2024-10-19 20:14:03.523   Time stamp of our file: 2024-08-15 10:50:24.000
2024-10-19 20:14:03.523   Installing the file.
2024-10-19 20:14:03.532   Successfully installed the file.
2024-10-19 20:14:03.532   -- File entry --
2024-10-19 20:14:03.532   Dest filename: C:\Program Files (x86)\IObit\Driver Booster\12.0.0\Scheduler.exe
2024-10-19 20:14:03.532   Time stamp of our file: 2024-08-15 10:50:36.000
2024-10-19 20:14:03.532   Installing the file.
2024-10-19 20:14:03.537   Successfully installed the file.
2024-10-19 20:14:03.537   -- File entry --
2024-10-19 20:14:03.537   Dest filename: C:\Program Files (x86)\IObit\Driver Booster\12.0.0\SetupHlp.exe
2024-10-19 20:14:03.538   Time stamp of our file: 2024-09-12 15:13:14.000
2024-10-19 20:14:03.538   Installing the file.
2024-10-19 20:14:03.566   Successfully installed the file.
2024-10-19 20:14:03.566   -- File entry --
2024-10-19 20:14:03.566   Dest filename: C:\Program Files (x86)\IObit\Driver Booster\12.0.0\ScanDisp.exe
2024-10-19 20:14:03.566   Time stamp of our file: 2024-08-12 14:26:52.000
2024-10-19 20:14:03.566   Installing the file.
2024-10-19 20:14:03.569   Successfully installed the file.
2024-10-19 20:14:03.569   -- File entry --
2024-10-19 20:14:03.569   Dest filename: C:\Program Files (x86)\IObit\Driver Booster\12.0.0\InstStat.exe
2024-10-19 20:14:03.570   Time stamp of our file: 2024-08-15 10:49:46.000
2024-10-19 20:14:03.570   Installing the file.
2024-10-19 20:14:03.599   Successfully installed the file.
2024-10-19 20:14:03.599   -- File entry --
2024-10-19 20:14:03.599   Dest filename: C:\Program Files (x86)\IObit\Driver Booster\12.0.0\Backup.exe
2024-10-19 20:14:03.599   Time stamp of our file: 2024-08-09 15:39:08.000
2024-10-19 20:14:03.599   Installing the file.
2024-10-19 20:14:03.621   Successfully installed the file.
2024-10-19 20:14:03.621   -- File entry --
2024-10-19 20:14:03.621   Dest filename: C:\Program Files (x86)\IObit\Driver Booster\12.0.0\ChangeIcon.exe
2024-10-19 20:14:03.621   Time stamp of our file: 2024-03-12 14:35:16.000
2024-10-19 20:14:03.621   Installing the file.
2024-10-19 20:14:03.627   Successfully installed the file.
2024-10-19 20:14:03.627   -- File entry --
2024-10-19 20:14:03.627   Dest filename: C:\Program Files (x86)\IObit\Driver Booster\12.0.0\AUpdate.exe
2024-10-19 20:14:03.628   Time stamp of our file: 2024-09-10 15:46:44.000
2024-10-19 20:14:03.628   Installing the file.
2024-10-19 20:14:03.637   Successfully installed the file.
2024-10-19 20:14:03.637   -- File entry --
2024-10-19 20:14:03.637   Dest filename: C:\Program Files (x86)\IObit\Driver Booster\12.0.0\DBDownloader.exe
2024-10-19 20:14:03.637   Time stamp of our file: 2024-08-12 14:24:16.000
2024-10-19 20:14:03.637   Installing the file.
2024-10-19 20:14:03.653   Successfully installed the file.
2024-10-19 20:14:03.653   -- File entry --
2024-10-19 20:14:03.653   Dest filename: C:\Program Files (x86)\IObit\Driver Booster\12.0.0\NoteIcon.exe
2024-10-19 20:14:03.653   Time stamp of our file: 2024-03-12 14:35:16.000
2024-10-19 20:14:03.653   Installing the file.
2024-10-19 20:14:03.660   Successfully installed the file.
2024-10-19 20:14:03.660   -- File entry --
2024-10-19 20:14:03.660   Dest filename: C:\Program Files (x86)\IObit\Driver Booster\12.0.0\Bugreport.exe
2024-10-19 20:14:03.660   Time stamp of our file: 2024-08-30 10:17:30.000
2024-10-19 20:14:03.660   Installing the file.
2024-10-19 20:14:03.703   Successfully installed the file.
2024-10-19 20:14:03.703   -- File entry --
2024-10-19 20:14:03.703   Dest filename: C:\Program Files (x86)\IObit\Driver Booster\12.0.0\AutoNts.exe
2024-10-19 20:14:03.703   Time stamp of our file: 2024-08-23 10:03:58.000
2024-10-19 20:14:03.703   Installing the file.
2024-10-19 20:14:03.724   Successfully installed the file.
2024-10-19 20:14:03.724   -- File entry --
2024-10-19 20:14:03.724   Dest filename: C:\Program Files (x86)\IObit\Driver Booster\12.0.0\CareScan.exe
2024-10-19 20:14:03.724   Time stamp of our file: 2024-10-10 10:39:02.000
2024-10-19 20:14:03.724   Installing the file.
2024-10-19 20:14:03.809   Successfully installed the file.
2024-10-19 20:14:03.809   -- File entry --
2024-10-19 20:14:03.809   Dest filename: C:\Program Files (x86)\IObit\Driver Booster\12.0.0\RttHlp.exe
2024-10-19 20:14:03.809   Time stamp of our file: 2024-08-09 15:41:54.000
2024-10-19 20:14:03.809   Installing the file.
2024-10-19 20:14:03.812   Successfully installed the file.
2024-10-19 20:14:03.812   -- File entry --
2024-10-19 20:14:03.812   Dest filename: C:\Program Files (x86)\IObit\Driver Booster\12.0.0\Boost.exe
2024-10-19 20:14:03.813   Time stamp of our file: 2024-03-12 14:35:16.000
2024-10-19 20:14:03.813   Installing the file.
2024-10-19 20:14:03.850   Successfully installed the file.
2024-10-19 20:14:03.850   -- File entry --
2024-10-19 20:14:03.850   Dest filename: C:\Program Files (x86)\IObit\Driver Booster\12.0.0\Passenger.exe
2024-10-19 20:14:03.851   Time stamp of our file: 2024-08-28 10:12:02.000
2024-10-19 20:14:03.851   Installing the file.
2024-10-19 20:14:03.864   Successfully installed the file.
2024-10-19 20:14:03.864   -- File entry --
2024-10-19 20:14:03.864   Dest filename: C:\Program Files (x86)\IObit\Driver Booster\12.0.0\Manta.exe
2024-10-19 20:14:03.865   Time stamp of our file: 2024-08-26 10:07:34.000
2024-10-19 20:14:03.865   Installing the file.
2024-10-19 20:14:03.879   Successfully installed the file.
2024-10-19 20:14:03.879   -- File entry --
2024-10-19 20:14:03.879   Dest filename: C:\Program Files (x86)\IObit\Driver Booster\12.0.0\rma.exe
2024-10-19 20:14:03.879   Time stamp of our file: 2024-08-09 15:41:40.000
2024-10-19 20:14:03.879   Installing the file.
2024-10-19 20:14:03.890   Successfully installed the file.
2024-10-19 20:14:03.890   -- File entry --
2024-10-19 20:14:03.890   Dest filename: C:\Program Files (x86)\IObit\Driver Booster\12.0.0\OfflineUpdater.exe
2024-10-19 20:14:03.890   Time stamp of our file: 2024-09-20 17:00:40.000
2024-10-19 20:14:03.890   Installing the file.
2024-10-19 20:14:03.949   Successfully installed the file.
2024-10-19 20:14:03.950   -- File entry --
2024-10-19 20:14:03.950   Dest filename: C:\Program Files (x86)\IObit\Driver Booster\12.0.0\ProductStat3.exe
2024-10-19 20:14:03.950   Time stamp of our file: 2024-08-30 10:18:22.000
2024-10-19 20:14:03.950   Installing the file.
2024-10-19 20:14:03.967   Successfully installed the file.
2024-10-19 20:14:03.967   -- File entry --
2024-10-19 20:14:03.968   Dest filename: C:\Program Files (x86)\IObit\Driver Booster\12.0.0\Cmpnt.dll
2024-10-19 20:14:03.968   Time stamp of our file: 2024-08-12 14:24:04.000
2024-10-19 20:14:03.968   Installing the file.
2024-10-19 20:14:03.979   Successfully installed the file.
2024-10-19 20:14:03.979   -- File entry --
2024-10-19 20:14:03.979   Dest filename: C:\Program Files (x86)\IObit\Driver Booster\12.0.0\sqlite3.dll
2024-10-19 20:14:03.980   Time stamp of our file: 2024-03-12 14:35:18.000
2024-10-19 20:14:03.980   Installing the file.
2024-10-19 20:14:04.013   Successfully installed the file.
2024-10-19 20:14:04.013   -- File entry --
2024-10-19 20:14:04.013   Dest filename: C:\Program Files (x86)\IObit\Driver Booster\12.0.0\DataState.dll
2024-10-19 20:14:04.013   Time stamp of our file: 2024-03-12 14:35:16.000
2024-10-19 20:14:04.013   Installing the file.
2024-10-19 20:14:04.016   Successfully installed the file.
2024-10-19 20:14:04.016   -- File entry --
2024-10-19 20:14:04.016   Dest filename: C:\Program Files (x86)\IObit\Driver Booster\12.0.0\WebRes.dll
2024-10-19 20:14:04.016   Time stamp of our file: 2024-08-09 15:36:40.000
2024-10-19 20:14:04.016   Installing the file.
2024-10-19 20:14:04.043   Successfully installed the file.
2024-10-19 20:14:04.043   -- File entry --
2024-10-19 20:14:04.043   Dest filename: C:\Program Files (x86)\IObit\Driver Booster\12.0.0\MsgBoxEx.dll
2024-10-19 20:14:04.044   Time stamp of our file: 2024-08-30 10:17:56.000
2024-10-19 20:14:04.044   Installing the file.
2024-10-19 20:14:04.069   Successfully installed the file.
2024-10-19 20:14:04.069   -- File entry --
2024-10-19 20:14:04.069   Dest filename: C:\Program Files (x86)\IObit\Driver Booster\12.0.0\Zip.dll
2024-10-19 20:14:04.070   Time stamp of our file: 2024-03-12 14:35:18.000
2024-10-19 20:14:04.070   Installing the file.
2024-10-19 20:14:04.082   Successfully installed the file.
2024-10-19 20:14:04.082   -- File entry --
2024-10-19 20:14:04.082   Dest filename: C:\Program Files (x86)\IObit\Driver Booster\12.0.0\7z.dll
2024-10-19 20:14:04.082   Time stamp of our file: 2024-08-14 10:20:02.000
2024-10-19 20:14:04.082   Installing the file.
2024-10-19 20:14:04.121   Successfully installed the file.
2024-10-19 20:14:04.121   -- File entry --
2024-10-19 20:14:04.121   Dest filename: C:\Program Files (x86)\IObit\Driver Booster\12.0.0\libssl-1_1.dll
2024-10-19 20:14:04.121   Time stamp of our file: 2024-03-12 14:35:18.000
2024-10-19 20:14:04.121   Installing the file.
2024-10-19 20:14:04.133   Successfully installed the file.
2024-10-19 20:14:04.133   -- File entry --
2024-10-19 20:14:04.133   Dest filename: C:\Program Files (x86)\IObit\Driver Booster\12.0.0\libcrypto-1_1.dll
2024-10-19 20:14:04.133   Time stamp of our file: 2024-03-12 14:35:18.000
2024-10-19 20:14:04.133   Installing the file.
2024-10-19 20:14:04.185   Successfully installed the file.
2024-10-19 20:14:04.185   -- File entry --
2024-10-19 20:14:04.185   Dest filename: C:\Program Files (x86)\IObit\Driver Booster\12.0.0\PowerMgr.dll
2024-10-19 20:14:04.185   Time stamp of our file: 2024-03-12 14:35:18.000
2024-10-19 20:14:04.185   Installing the file.
2024-10-19 20:14:04.188   Successfully installed the file.
2024-10-19 20:14:04.188   -- File entry --
2024-10-19 20:14:04.188   Dest filename: C:\Program Files (x86)\IObit\Driver Booster\12.0.0\Focus.dll
2024-10-19 20:14:04.188   Time stamp of our file: 2024-08-12 14:25:46.000
2024-10-19 20:14:04.188   Installing the file.
2024-10-19 20:14:04.191   Successfully installed the file.
2024-10-19 20:14:04.191   -- File entry --
2024-10-19 20:14:04.191   Dest filename: C:\Program Files (x86)\IObit\Driver Booster\12.0.0\ProductNews2.dll
2024-10-19 20:14:04.191   Time stamp of our file: 2024-08-30 10:18:10.000
2024-10-19 20:14:04.191   Installing the file.
2024-10-19 20:14:04.226   Successfully installed the file.
2024-10-19 20:14:04.226   -- File entry --
2024-10-19 20:14:04.226   Dest filename: C:\Program Files (x86)\IObit\Driver Booster\12.0.0\cbutton.dll
2024-10-19 20:14:04.227   Time stamp of our file: 2024-09-10 14:08:18.000
2024-10-19 20:14:04.227   Installing the file.
2024-10-19 20:14:04.300   Successfully installed the file.
2024-10-19 20:14:04.300   -- File entry --
2024-10-19 20:14:04.300   Dest filename: C:\Program Files (x86)\IObit\Driver Booster\12.0.0\DetectWave.dll
2024-10-19 20:14:04.300   Time stamp of our file: 2024-03-12 14:35:16.000
2024-10-19 20:14:04.300   Installing the file.
2024-10-19 20:14:04.307   Successfully installed the file.
2024-10-19 20:14:04.307   -- File entry --
2024-10-19 20:14:04.307   Dest filename: C:\Program Files (x86)\IObit\Driver Booster\12.0.0\Wave.mp3
2024-10-19 20:14:04.308   Time stamp of our file: 2024-03-07 19:55:04.000
2024-10-19 20:14:04.308   Installing the file.
2024-10-19 20:14:04.309   Successfully installed the file.
2024-10-19 20:14:04.309   -- File entry --
2024-10-19 20:14:04.309   Dest filename: C:\Program Files (x86)\IObit\Driver Booster\12.0.0\rtl120.bpl
2024-10-19 20:14:04.309   Time stamp of our file: 2024-03-12 14:35:18.000
2024-10-19 20:14:04.309   Installing the file.
2024-10-19 20:14:04.332   Successfully installed the file.
2024-10-19 20:14:04.332   -- File entry --
2024-10-19 20:14:04.332   Dest filename: C:\Program Files (x86)\IObit\Driver Booster\12.0.0\vcl120.bpl
2024-10-19 20:14:04.332   Time stamp of our file: 2024-03-12 14:35:18.000
2024-10-19 20:14:04.332   Installing the file.
2024-10-19 20:14:04.375   Successfully installed the file.
2024-10-19 20:14:04.375   -- File entry --
2024-10-19 20:14:04.375   Dest filename: C:\Program Files (x86)\IObit\Driver Booster\12.0.0\vclx120.bpl
2024-10-19 20:14:04.376   Time stamp of our file: 2024-03-12 14:35:18.000
2024-10-19 20:14:04.376   Installing the file.
2024-10-19 20:14:04.381   Successfully installed the file.
2024-10-19 20:14:04.381   -- File entry --
2024-10-19 20:14:04.381   Dest filename: C:\Program Files (x86)\IObit\Driver Booster\12.0.0\madBasic_.bpl
2024-10-19 20:14:04.381   Time stamp of our file: 2024-03-12 14:35:18.000
2024-10-19 20:14:04.381   Installing the file.
2024-10-19 20:14:04.388   Successfully installed the file.
2024-10-19 20:14:04.388   -- File entry --
2024-10-19 20:14:04.388   Dest filename: C:\Program Files (x86)\IObit\Driver Booster\12.0.0\madDisAsm_.bpl
2024-10-19 20:14:04.388   Time stamp of our file: 2024-03-12 14:35:18.000
2024-10-19 20:14:04.388   Installing the file.
2024-10-19 20:14:04.390   Successfully installed the file.
2024-10-19 20:14:04.390   -- File entry --
2024-10-19 20:14:04.390   Dest filename: C:\Program Files (x86)\IObit\Driver Booster\12.0.0\madExcept_.bpl
2024-10-19 20:14:04.391   Time stamp of our file: 2024-03-12 14:35:18.000
2024-10-19 20:14:04.391   Installing the file.
2024-10-19 20:14:04.400   Successfully installed the file.
2024-10-19 20:14:04.400   -- File entry --
2024-10-19 20:14:04.400   Dest filename: C:\Program Files (x86)\IObit\Driver Booster\12.0.0\DpInst\x86\dpinst.exe
2024-10-19 20:14:04.400   Time stamp of our file: 2024-03-12 14:35:16.000
2024-10-19 20:14:04.400   Installing the file.
2024-10-19 20:14:04.400   Creating directory: C:\Program Files (x86)\IObit\Driver Booster\12.0.0\DpInst
2024-10-19 20:14:04.401   Creating directory: C:\Program Files (x86)\IObit\Driver Booster\12.0.0\DpInst\x86
2024-10-19 20:14:04.421   Successfully installed the file.
2024-10-19 20:14:04.421   -- File entry --
2024-10-19 20:14:04.422   Dest filename: C:\Program Files (x86)\IObit\Driver Booster\12.0.0\DpInst\x64\dpinst.exe
2024-10-19 20:14:04.422   Time stamp of our file: 2024-03-12 14:35:16.000
2024-10-19 20:14:04.422   Installing the file.
2024-10-19 20:14:04.422   Creating directory: C:\Program Files (x86)\IObit\Driver Booster\12.0.0\DpInst\x64
2024-10-19 20:14:04.442   Successfully installed the file.
2024-10-19 20:14:04.442   -- File entry --
2024-10-19 20:14:04.442   Dest filename: C:\Program Files (x86)\IObit\Driver Booster\12.0.0\DpInst\x86\dbinst.exe
2024-10-19 20:14:04.442   Time stamp of our file: 2024-08-29 10:31:08.000
2024-10-19 20:14:04.442   Installing the file.
2024-10-19 20:14:04.498   Successfully installed the file.
2024-10-19 20:14:04.498   -- File entry --
2024-10-19 20:14:04.498   Dest filename: C:\Program Files (x86)\IObit\Driver Booster\12.0.0\DpInst\x64\dbinst.exe
2024-10-19 20:14:04.499   Time stamp of our file: 2024-08-29 10:30:54.000
2024-10-19 20:14:04.499   Installing the file.
2024-10-19 20:14:04.577   Successfully installed the file.
2024-10-19 20:14:04.577   -- File entry --
2024-10-19 20:14:04.577   Dest filename: C:\Program Files (x86)\IObit\Driver Booster\12.0.0\DrvInstall\DIFxAPI32.dll
2024-10-19 20:14:04.577   Time stamp of our file: 2024-03-12 14:35:16.000
2024-10-19 20:14:04.577   Installing the file.
2024-10-19 20:14:04.584   Successfully installed the file.
2024-10-19 20:14:04.584   -- File entry --
2024-10-19 20:14:04.584   Dest filename: C:\Program Files (x86)\IObit\Driver Booster\12.0.0\DrvInstall\DIFxAPI64.dll
2024-10-19 20:14:04.584   Time stamp of our file: 2024-03-12 14:35:16.000
2024-10-19 20:14:04.584   Installing the file.
2024-10-19 20:14:04.595   Successfully installed the file.
2024-10-19 20:14:04.595   -- File entry --
2024-10-19 20:14:04.595   Dest filename: C:\Program Files (x86)\IObit\Driver Booster\12.0.0\DrvInstall\SetVolume32.dll
2024-10-19 20:14:04.596   Time stamp of our file: 2024-03-12 14:35:16.000
2024-10-19 20:14:04.596   Installing the file.
2024-10-19 20:14:04.599   Successfully installed the file.
2024-10-19 20:14:04.599   -- File entry --
2024-10-19 20:14:04.600   Dest filename: C:\Program Files (x86)\IObit\Driver Booster\12.0.0\DrvInstall\SetVolume64.dll
2024-10-19 20:14:04.600   Time stamp of our file: 2024-03-12 14:35:16.000
2024-10-19 20:14:04.600   Installing the file.
2024-10-19 20:14:04.606   Successfully installed the file.
2024-10-19 20:14:04.606   -- File entry --
2024-10-19 20:14:04.606   Dest filename: C:\Program Files (x86)\IObit\Driver Booster\12.0.0\HWiNFO\HWiNFO32.dll
2024-10-19 20:14:04.606   Time stamp of our file: 2024-03-07 19:55:04.000
2024-10-19 20:14:04.606   Installing the file.
2024-10-19 20:14:04.606   Creating directory: C:\Program Files (x86)\IObit\Driver Booster\12.0.0\HWiNFO
2024-10-19 20:14:04.620   Successfully installed the file.
2024-10-19 20:14:04.620   -- File entry --
2024-10-19 20:14:04.620   Dest filename: C:\Program Files (x86)\IObit\Driver Booster\12.0.0\HWiNFO\HWiNFO.exe
2024-10-19 20:14:04.620   Time stamp of our file: 2024-08-12 14:26:00.000
2024-10-19 20:14:04.620   Installing the file.
2024-10-19 20:14:04.630   Successfully installed the file.
2024-10-19 20:14:04.630   -- File entry --
2024-10-19 20:14:04.630   Dest filename: C:\Program Files (x86)\IObit\Driver Booster\12.0.0\TaskbarPin\ICONPIN32.exe
2024-10-19 20:14:04.630   Time stamp of our file: 2024-03-12 14:35:18.000
2024-10-19 20:14:04.630   Installing the file.
2024-10-19 20:14:04.630   Creating directory: C:\Program Files (x86)\IObit\Driver Booster\12.0.0\TaskbarPin
2024-10-19 20:14:04.650   Successfully installed the file.
2024-10-19 20:14:04.650   -- File entry --
2024-10-19 20:14:04.650   Dest filename: C:\Program Files (x86)\IObit\Driver Booster\12.0.0\TaskbarPin\ICONPIN32.dll
2024-10-19 20:14:04.650   Time stamp of our file: 2024-03-12 14:35:18.000
2024-10-19 20:14:04.650   Installing the file.
2024-10-19 20:14:04.658   Successfully installed the file.
2024-10-19 20:14:04.658   -- File entry --
2024-10-19 20:14:04.658   Dest filename: C:\Program Files (x86)\IObit\Driver Booster\12.0.0\TaskbarPin\ICONPIN64.exe
2024-10-19 20:14:04.659   Time stamp of our file: 2024-03-12 14:35:18.000
2024-10-19 20:14:04.659   Installing the file.
2024-10-19 20:14:04.682   Successfully installed the file.
2024-10-19 20:14:04.682   -- File entry --
2024-10-19 20:14:04.682   Dest filename: C:\Program Files (x86)\IObit\Driver Booster\12.0.0\TaskbarPin\ICONPIN64.dll
2024-10-19 20:14:04.682   Time stamp of our file: 2024-03-12 14:35:18.000
2024-10-19 20:14:04.682   Installing the file.
2024-10-19 20:14:04.693   Successfully installed the file.
2024-10-19 20:14:04.693   -- File entry --
2024-10-19 20:14:04.693   Dest filename: C:\Program Files (x86)\IObit\Driver Booster\12.0.0\Boost\AppSafe.txt
2024-10-19 20:14:04.694   Time stamp of our file: 2024-03-07 19:55:04.000
2024-10-19 20:14:04.694   Installing the file.
2024-10-19 20:14:04.694   Creating directory: C:\Program Files (x86)\IObit\Driver Booster\12.0.0\Boost
2024-10-19 20:14:04.695   Successfully installed the file.
2024-10-19 20:14:04.695   -- File entry --
2024-10-19 20:14:04.695   Dest filename: C:\Program Files (x86)\IObit\Driver Booster\12.0.0\Boost\ProcBL.txt
2024-10-19 20:14:04.695   Time stamp of our file: 2024-03-07 19:55:04.000
2024-10-19 20:14:04.695   Installing the file.
2024-10-19 20:14:04.696   Successfully installed the file.
2024-10-19 20:14:04.696   -- File entry --
2024-10-19 20:14:04.696   Dest filename: C:\Program Files (x86)\IObit\Driver Booster\12.0.0\Boost\ProcWL.txt
2024-10-19 20:14:04.696   Time stamp of our file: 2024-03-07 19:55:04.000
2024-10-19 20:14:04.696   Installing the file.
2024-10-19 20:14:04.697   Successfully installed the file.
2024-10-19 20:14:04.697   -- File entry --
2024-10-19 20:14:04.697   Dest filename: C:\Program Files (x86)\IObit\Driver Booster\12.0.0\Boost\3rdSvcWL.txt
2024-10-19 20:14:04.698   Time stamp of our file: 2024-03-07 19:55:04.000
2024-10-19 20:14:04.698   Installing the file.
2024-10-19 20:14:04.699   Successfully installed the file.
2024-10-19 20:14:04.699   -- File entry --
2024-10-19 20:14:04.699   Dest filename: C:\Program Files (x86)\IObit\Driver Booster\12.0.0\Boost\WinSvc.ini
2024-10-19 20:14:04.699   Time stamp of our file: 2024-03-07 19:55:04.000
2024-10-19 20:14:04.699   Installing the file.
2024-10-19 20:14:04.700   Successfully installed the file.
2024-10-19 20:14:04.700   -- File entry --
2024-10-19 20:14:04.700   Dest filename: C:\Program Files (x86)\IObit\Driver Booster\12.0.0\Boost\Score.db
2024-10-19 20:14:04.700   Time stamp of our file: 2024-03-07 19:55:04.000
2024-10-19 20:14:04.700   Installing the file.
2024-10-19 20:14:04.708   Successfully installed the file.
2024-10-19 20:14:04.708   -- File entry --
2024-10-19 20:14:04.708   Dest filename: C:\Program Files (x86)\IObit\Driver Booster\12.0.0\Database\Scan\initial.wlst
2024-10-19 20:14:04.708   Time stamp of our file: 2024-09-10 15:46:12.000
2024-10-19 20:14:04.708   Installing the file.
2024-10-19 20:14:04.709   Creating directory: C:\Program Files (x86)\IObit\Driver Booster\12.0.0\Database
2024-10-19 20:14:04.709   Creating directory: C:\Program Files (x86)\IObit\Driver Booster\12.0.0\Database\Scan
2024-10-19 20:14:04.725   Successfully installed the file.
2024-10-19 20:14:04.725   -- File entry --
2024-10-19 20:14:04.725   Dest filename: C:\Program Files (x86)\IObit\Driver Booster\12.0.0\Database\sMarUpdateInfo.dbd
2024-10-19 20:14:04.725   Time stamp of our file: 2024-09-10 15:46:12.000
2024-10-19 20:14:04.725   Installing the file.
2024-10-19 20:14:04.769   Successfully installed the file.
2024-10-19 20:14:04.769   -- File entry --
2024-10-19 20:14:04.769   Dest filename: C:\Program Files (x86)\IObit\Driver Booster\12.0.0\History.txt
2024-10-19 20:14:04.770   Time stamp of our file: 2024-09-27 14:30:42.000
2024-10-19 20:14:04.770   Installing the file.
2024-10-19 20:14:04.771   Successfully installed the file.
2024-10-19 20:14:04.771   -- File entry --
2024-10-19 20:14:04.771   Dest filename: C:\Program Files (x86)\IObit\Driver Booster\12.0.0\History\Dutch.txt
2024-10-19 20:14:04.771   Time stamp of our file: 2024-09-27 14:30:42.000
2024-10-19 20:14:04.771   Installing the file.
2024-10-19 20:14:04.771   Creating directory: C:\Program Files (x86)\IObit\Driver Booster\12.0.0\History
2024-10-19 20:14:04.773   Successfully installed the file.
2024-10-19 20:14:04.773   -- File entry --
2024-10-19 20:14:04.773   Dest filename: C:\Program Files (x86)\IObit\Driver Booster\12.0.0\History\French.txt
2024-10-19 20:14:04.773   Time stamp of our file: 2024-09-27 14:30:42.000
2024-10-19 20:14:04.773   Installing the file.
2024-10-19 20:14:04.774   Successfully installed the file.
2024-10-19 20:14:04.774   -- File entry --
2024-10-19 20:14:04.774   Dest filename: C:\Program Files (x86)\IObit\Driver Booster\12.0.0\History\German.txt
2024-10-19 20:14:04.774   Time stamp of our file: 2024-09-27 14:30:42.000
2024-10-19 20:14:04.774   Installing the file.
2024-10-19 20:14:04.775   Successfully installed the file.
2024-10-19 20:14:04.775   -- File entry --
2024-10-19 20:14:04.775   Dest filename: C:\Program Files (x86)\IObit\Driver Booster\12.0.0\History\Italian.txt
2024-10-19 20:14:04.775   Time stamp of our file: 2024-09-27 14:30:42.000
2024-10-19 20:14:04.775   Installing the file.
2024-10-19 20:14:04.776   Successfully installed the file.
2024-10-19 20:14:04.776   -- File entry --
2024-10-19 20:14:04.776   Dest filename: C:\Program Files (x86)\IObit\Driver Booster\12.0.0\History\Japanese.txt
2024-10-19 20:14:04.777   Time stamp of our file: 2024-09-27 14:30:42.000
2024-10-19 20:14:04.777   Installing the file.
2024-10-19 20:14:04.777   Successfully installed the file.
2024-10-19 20:14:04.777   -- File entry --
2024-10-19 20:14:04.777   Dest filename: C:\Program Files (x86)\IObit\Driver Booster\12.0.0\History\Polish.txt
2024-10-19 20:14:04.778   Time stamp of our file: 2024-09-27 14:30:42.000
2024-10-19 20:14:04.778   Installing the file.
2024-10-19 20:14:04.779   Successfully installed the file.
2024-10-19 20:14:04.779   -- File entry --
2024-10-19 20:14:04.779   Dest filename: C:\Program Files (x86)\IObit\Driver Booster\12.0.0\History\Portuguese (PT-BR).txt
2024-10-19 20:14:04.779   Time stamp of our file: 2024-09-27 14:30:42.000
2024-10-19 20:14:04.779   Installing the file.
2024-10-19 20:14:04.780   Successfully installed the file.
2024-10-19 20:14:04.780   -- File entry --
2024-10-19 20:14:04.780   Dest filename: C:\Program Files (x86)\IObit\Driver Booster\12.0.0\History\Russian.txt
2024-10-19 20:14:04.780   Time stamp of our file: 2024-09-27 14:30:42.000
2024-10-19 20:14:04.780   Installing the file.
2024-10-19 20:14:04.781   Successfully installed the file.
2024-10-19 20:14:04.781   -- File entry --
2024-10-19 20:14:04.781   Dest filename: C:\Program Files (x86)\IObit\Driver Booster\12.0.0\History\Spanish.txt
2024-10-19 20:14:04.782   Time stamp of our file: 2024-09-27 14:30:42.000
2024-10-19 20:14:04.782   Installing the file.
2024-10-19 20:14:04.783   Successfully installed the file.
2024-10-19 20:14:04.783   -- File entry --
2024-10-19 20:14:04.783   Dest filename: C:\Program Files (x86)\IObit\Driver Booster\12.0.0\Skin\black.rcc
2024-10-19 20:14:04.783   Time stamp of our file: 2024-09-09 16:55:00.000
2024-10-19 20:14:04.783   Installing the file.
2024-10-19 20:14:04.783   Creating directory: C:\Program Files (x86)\IObit\Driver Booster\12.0.0\Skin
2024-10-19 20:14:04.948   Successfully installed the file.
2024-10-19 20:14:04.948   -- File entry --
2024-10-19 20:14:04.948   Dest filename: C:\Program Files (x86)\IObit\Driver Booster\12.0.0\Skin\images.rcc
2024-10-19 20:14:04.949   Time stamp of our file: 2024-03-12 14:35:18.000
2024-10-19 20:14:04.949   Installing the file.
2024-10-19 20:14:05.105   Successfully installed the file.
2024-10-19 20:14:05.105   -- File entry --
2024-10-19 20:14:05.105   Dest filename: C:\Program Files (x86)\IObit\Driver Booster\12.0.0\Skin\public.rcc
2024-10-19 20:14:05.105   Time stamp of our file: 2024-09-05 14:12:16.000
2024-10-19 20:14:05.105   Installing the file.
2024-10-19 20:14:05.111   Successfully installed the file.
2024-10-19 20:14:05.111   -- File entry --
2024-10-19 20:14:05.111   Dest filename: C:\Program Files (x86)\IObit\Driver Booster\12.0.0\Language\Arabic.lng
2024-10-19 20:14:05.112   Time stamp of our file: 2024-09-27 14:30:42.000
2024-10-19 20:14:05.112   Installing the file.
2024-10-19 20:14:05.112   Creating directory: C:\Program Files (x86)\IObit\Driver Booster\12.0.0\Language
2024-10-19 20:14:05.117   Successfully installed the file.
2024-10-19 20:14:05.117   -- File entry --
2024-10-19 20:14:05.117   Dest filename: C:\Program Files (x86)\IObit\Driver Booster\12.0.0\Language\Bulgarian.lng
2024-10-19 20:14:05.118   Time stamp of our file: 2024-09-27 14:30:42.000
2024-10-19 20:14:05.118   Installing the file.
2024-10-19 20:14:05.121   Successfully installed the file.
2024-10-19 20:14:05.121   -- File entry --
2024-10-19 20:14:05.121   Dest filename: C:\Program Files (x86)\IObit\Driver Booster\12.0.0\Language\Catalan.lng
2024-10-19 20:14:05.121   Time stamp of our file: 2024-09-27 14:30:42.000
2024-10-19 20:14:05.121   Installing the file.
2024-10-19 20:14:05.125   Successfully installed the file.
2024-10-19 20:14:05.125   -- File entry --
2024-10-19 20:14:05.125   Dest filename: C:\Program Files (x86)\IObit\Driver Booster\12.0.0\Language\ChineseSimp.lng
2024-10-19 20:14:05.126   Time stamp of our file: 2024-09-27 14:30:42.000
2024-10-19 20:14:05.126   Installing the file.
2024-10-19 20:14:05.129   Successfully installed the file.
2024-10-19 20:14:05.129   -- File entry --
2024-10-19 20:14:05.129   Dest filename: C:\Program Files (x86)\IObit\Driver Booster\12.0.0\Language\ChineseTrad.lng
2024-10-19 20:14:05.129   Time stamp of our file: 2024-09-27 14:30:42.000
2024-10-19 20:14:05.129   Installing the file.
2024-10-19 20:14:05.132   Successfully installed the file.
2024-10-19 20:14:05.132   -- File entry --
2024-10-19 20:14:05.132   Dest filename: C:\Program Files (x86)\IObit\Driver Booster\12.0.0\Language\Czech.lng
2024-10-19 20:14:05.132   Time stamp of our file: 2024-09-27 14:30:42.000
2024-10-19 20:14:05.132   Installing the file.
2024-10-19 20:14:05.136   Successfully installed the file.
2024-10-19 20:14:05.136   -- File entry --
2024-10-19 20:14:05.136   Dest filename: C:\Program Files (x86)\IObit\Driver Booster\12.0.0\Language\Danish.lng
2024-10-19 20:14:05.137   Time stamp of our file: 2024-09-27 14:30:42.000
2024-10-19 20:14:05.137   Installing the file.
2024-10-19 20:14:05.140   Successfully installed the file.
2024-10-19 20:14:05.140   -- File entry --
2024-10-19 20:14:05.140   Dest filename: C:\Program Files (x86)\IObit\Driver Booster\12.0.0\Language\Dutch.lng
2024-10-19 20:14:05.141   Time stamp of our file: 2024-09-27 14:30:42.000
2024-10-19 20:14:05.141   Installing the file.
2024-10-19 20:14:05.144   Successfully installed the file.
2024-10-19 20:14:05.145   -- File entry --
2024-10-19 20:14:05.145   Dest filename: C:\Program Files (x86)\IObit\Driver Booster\12.0.0\Language\English.lng
2024-10-19 20:14:05.145   Time stamp of our file: 2024-10-10 11:10:12.000
2024-10-19 20:14:05.145   Installing the file.
2024-10-19 20:14:05.148   Successfully installed the file.
2024-10-19 20:14:05.148   -- File entry --
2024-10-19 20:14:05.148   Dest filename: C:\Program Files (x86)\IObit\Driver Booster\12.0.0\Language\Finnish.lng
2024-10-19 20:14:05.149   Time stamp of our file: 2024-09-27 14:30:42.000
2024-10-19 20:14:05.149   Installing the file.
2024-10-19 20:14:05.153   Successfully installed the file.
2024-10-19 20:14:05.153   -- File entry --
2024-10-19 20:14:05.153   Dest filename: C:\Program Files (x86)\IObit\Driver Booster\12.0.0\Language\French.lng
2024-10-19 20:14:05.153   Time stamp of our file: 2024-09-27 14:30:42.000
2024-10-19 20:14:05.153   Installing the file.
2024-10-19 20:14:05.157   Successfully installed the file.
2024-10-19 20:14:05.157   -- File entry --
2024-10-19 20:14:05.157   Dest filename: C:\Program Files (x86)\IObit\Driver Booster\12.0.0\Language\Georgian.lng
2024-10-19 20:14:05.157   Time stamp of our file: 2024-09-27 14:30:42.000
2024-10-19 20:14:05.157   Installing the file.
2024-10-19 20:14:05.161   Successfully installed the file.
2024-10-19 20:14:05.161   -- File entry --
2024-10-19 20:14:05.161   Dest filename: C:\Program Files (x86)\IObit\Driver Booster\12.0.0\Language\German.lng
2024-10-19 20:14:05.161   Time stamp of our file: 2024-09-27 14:30:42.000
2024-10-19 20:14:05.161   Installing the file.
2024-10-19 20:14:05.165   Successfully installed the file.
2024-10-19 20:14:05.165   -- File entry --
2024-10-19 20:14:05.165   Dest filename: C:\Program Files (x86)\IObit\Driver Booster\12.0.0\Language\Greek.lng
2024-10-19 20:14:05.165   Time stamp of our file: 2024-09-27 14:30:42.000
2024-10-19 20:14:05.165   Installing the file.
2024-10-19 20:14:05.169   Successfully installed the file.
2024-10-19 20:14:05.169   -- File entry --
2024-10-19 20:14:05.170   Dest filename: C:\Program Files (x86)\IObit\Driver Booster\12.0.0\Language\Hebrew.lng
2024-10-19 20:14:05.170   Time stamp of our file: 2024-09-27 14:30:42.000
2024-10-19 20:14:05.170   Installing the file.
2024-10-19 20:14:05.174   Successfully installed the file.
2024-10-19 20:14:05.174   -- File entry --
2024-10-19 20:14:05.175   Dest filename: C:\Program Files (x86)\IObit\Driver Booster\12.0.0\Language\Hungarian.lng
2024-10-19 20:14:05.175   Time stamp of our file: 2024-09-27 14:30:42.000
2024-10-19 20:14:05.175   Installing the file.
2024-10-19 20:14:05.179   Successfully installed the file.
2024-10-19 20:14:05.179   -- File entry --
2024-10-19 20:14:05.179   Dest filename: C:\Program Files (x86)\IObit\Driver Booster\12.0.0\Language\Indonesian.lng
2024-10-19 20:14:05.179   Time stamp of our file: 2024-09-27 14:30:42.000
2024-10-19 20:14:05.179   Installing the file.
2024-10-19 20:14:05.183   Successfully installed the file.
2024-10-19 20:14:05.183   -- File entry --
2024-10-19 20:14:05.183   Dest filename: C:\Program Files (x86)\IObit\Driver Booster\12.0.0\Language\Italian.lng
2024-10-19 20:14:05.183   Time stamp of our file: 2024-09-27 14:30:42.000
2024-10-19 20:14:05.183   Installing the file.
2024-10-19 20:14:05.187   Successfully installed the file.
2024-10-19 20:14:05.187   -- File entry --
2024-10-19 20:14:05.187   Dest filename: C:\Program Files (x86)\IObit\Driver Booster\12.0.0\Language\Japanese.lng
2024-10-19 20:14:05.187   Time stamp of our file: 2024-09-27 14:30:42.000
2024-10-19 20:14:05.187   Installing the file.
2024-10-19 20:14:05.191   Successfully installed the file.
2024-10-19 20:14:05.191   -- File entry --
2024-10-19 20:14:05.191   Dest filename: C:\Program Files (x86)\IObit\Driver Booster\12.0.0\Language\Korean.lng
2024-10-19 20:14:05.191   Time stamp of our file: 2024-09-27 14:30:42.000
2024-10-19 20:14:05.191   Installing the file.
2024-10-19 20:14:05.195   Successfully installed the file.
2024-10-19 20:14:05.195   -- File entry --
2024-10-19 20:14:05.195   Dest filename: C:\Program Files (x86)\IObit\Driver Booster\12.0.0\Language\Latvian.lng
2024-10-19 20:14:05.195   Time stamp of our file: 2024-09-27 14:30:42.000
2024-10-19 20:14:05.195   Installing the file.
2024-10-19 20:14:05.199   Successfully installed the file.
2024-10-19 20:14:05.199   -- File entry --
2024-10-19 20:14:05.199   Dest filename: C:\Program Files (x86)\IObit\Driver Booster\12.0.0\Language\Malay.lng
2024-10-19 20:14:05.199   Time stamp of our file: 2024-09-27 14:30:42.000
2024-10-19 20:14:05.199   Installing the file.
2024-10-19 20:14:05.203   Successfully installed the file.
2024-10-19 20:14:05.203   -- File entry --
2024-10-19 20:14:05.203   Dest filename: C:\Program Files (x86)\IObit\Driver Booster\12.0.0\Language\Norwegian.lng
2024-10-19 20:14:05.203   Time stamp of our file: 2024-09-27 14:30:42.000
2024-10-19 20:14:05.203   Installing the file.
2024-10-19 20:14:05.207   Successfully installed the file.
2024-10-19 20:14:05.207   -- File entry --
2024-10-19 20:14:05.207   Dest filename: C:\Program Files (x86)\IObit\Driver Booster\12.0.0\Language\Persian.lng
2024-10-19 20:14:05.207   Time stamp of our file: 2024-09-27 14:30:42.000
2024-10-19 20:14:05.207   Installing the file.
2024-10-19 20:14:05.211   Successfully installed the file.
2024-10-19 20:14:05.211   -- File entry --
2024-10-19 20:14:05.211   Dest filename: C:\Program Files (x86)\IObit\Driver Booster\12.0.0\Language\Polish.lng
2024-10-19 20:14:05.211   Time stamp of our file: 2024-09-27 14:30:42.000
2024-10-19 20:14:05.211   Installing the file.
2024-10-19 20:14:05.215   Successfully installed the file.
2024-10-19 20:14:05.215   -- File entry --
2024-10-19 20:14:05.215   Dest filename: C:\Program Files (x86)\IObit\Driver Booster\12.0.0\Language\Portuguese (PT-BR).lng
2024-10-19 20:14:05.215   Time stamp of our file: 2024-09-27 14:30:42.000
2024-10-19 20:14:05.215   Installing the file.
2024-10-19 20:14:05.219   Successfully installed the file.
2024-10-19 20:14:05.219   -- File entry --
2024-10-19 20:14:05.219   Dest filename: C:\Program Files (x86)\IObit\Driver Booster\12.0.0\Language\Portuguese (PT-PT).lng
2024-10-19 20:14:05.219   Time stamp of our file: 2024-09-27 14:30:42.000
2024-10-19 20:14:05.219   Installing the file.
2024-10-19 20:14:05.223   Successfully installed the file.
2024-10-19 20:14:05.223   -- File entry --
2024-10-19 20:14:05.223   Dest filename: C:\Program Files (x86)\IObit\Driver Booster\12.0.0\Language\Romanian.lng
2024-10-19 20:14:05.223   Time stamp of our file: 2024-09-27 14:30:42.000
2024-10-19 20:14:05.223   Installing the file.
2024-10-19 20:14:05.227   Successfully installed the file.
2024-10-19 20:14:05.227   -- File entry --
2024-10-19 20:14:05.227   Dest filename: C:\Program Files (x86)\IObit\Driver Booster\12.0.0\Language\Russian.lng
2024-10-19 20:14:05.227   Time stamp of our file: 2024-09-27 14:30:42.000
2024-10-19 20:14:05.227   Installing the file.
2024-10-19 20:14:05.231   Successfully installed the file.
2024-10-19 20:14:05.231   -- File entry --
2024-10-19 20:14:05.231   Dest filename: C:\Program Files (x86)\IObit\Driver Booster\12.0.0\Language\Serbian (Cyrillic).lng
2024-10-19 20:14:05.231   Time stamp of our file: 2024-09-27 14:30:42.000
2024-10-19 20:14:05.231   Installing the file.
2024-10-19 20:14:05.236   Successfully installed the file.
2024-10-19 20:14:05.236   -- File entry --
2024-10-19 20:14:05.236   Dest filename: C:\Program Files (x86)\IObit\Driver Booster\12.0.0\Language\Serbian (Latin).lng
2024-10-19 20:14:05.236   Time stamp of our file: 2024-09-27 14:30:42.000
2024-10-19 20:14:05.236   Installing the file.
2024-10-19 20:14:05.240   Successfully installed the file.
2024-10-19 20:14:05.241   -- File entry --
2024-10-19 20:14:05.241   Dest filename: C:\Program Files (x86)\IObit\Driver Booster\12.0.0\Language\Slovak.lng
2024-10-19 20:14:05.241   Time stamp of our file: 2024-09-27 14:30:42.000
2024-10-19 20:14:05.241   Installing the file.
2024-10-19 20:14:05.245   Successfully installed the file.
2024-10-19 20:14:05.245   -- File entry --
2024-10-19 20:14:05.245   Dest filename: C:\Program Files (x86)\IObit\Driver Booster\12.0.0\Language\Slovenian.lng
2024-10-19 20:14:05.245   Time stamp of our file: 2024-09-27 14:30:42.000
2024-10-19 20:14:05.245   Installing the file.
2024-10-19 20:14:05.249   Successfully installed the file.
2024-10-19 20:14:05.249   -- File entry --
2024-10-19 20:14:05.249   Dest filename: C:\Program Files (x86)\IObit\Driver Booster\12.0.0\Language\Spanish.lng
2024-10-19 20:14:05.250   Time stamp of our file: 2024-09-27 14:30:42.000
2024-10-19 20:14:05.250   Installing the file.
2024-10-19 20:14:05.253   Successfully installed the file.
2024-10-19 20:14:05.254   -- File entry --
2024-10-19 20:14:05.254   Dest filename: C:\Program Files (x86)\IObit\Driver Booster\12.0.0\Language\Swedish.lng
2024-10-19 20:14:05.254   Time stamp of our file: 2024-09-27 14:30:42.000
2024-10-19 20:14:05.254   Installing the file.
2024-10-19 20:14:05.257   Successfully installed the file.
2024-10-19 20:14:05.257   -- File entry --
2024-10-19 20:14:05.257   Dest filename: C:\Program Files (x86)\IObit\Driver Booster\12.0.0\Language\Turkish.lng
2024-10-19 20:14:05.258   Time stamp of our file: 2024-09-27 14:30:42.000
2024-10-19 20:14:05.258   Installing the file.
2024-10-19 20:14:05.262   Successfully installed the file.
2024-10-19 20:14:05.262   -- File entry --
2024-10-19 20:14:05.262   Dest filename: C:\Program Files (x86)\IObit\Driver Booster\12.0.0\Language\Ukrainian.lng
2024-10-19 20:14:05.262   Time stamp of our file: 2024-09-27 14:30:42.000
2024-10-19 20:14:05.262   Installing the file.
2024-10-19 20:14:05.266   Successfully installed the file.
2024-10-19 20:14:05.266   -- File entry --
2024-10-19 20:14:05.266   Dest filename: C:\Program Files (x86)\IObit\Driver Booster\12.0.0\Language\Vietnamese.lng
2024-10-19 20:14:05.266   Time stamp of our file: 2024-09-27 14:30:42.000
2024-10-19 20:14:05.266   Installing the file.
2024-10-19 20:14:05.270   Successfully installed the file.
2024-10-19 20:14:05.270   -- File entry --
2024-10-19 20:14:05.270   Dest filename: C:\Program Files (x86)\IObit\Driver Booster\12.0.0\ErrCodeSpec\Arabic.ini
2024-10-19 20:14:05.270   Time stamp of our file: 2024-03-07 19:55:04.000
2024-10-19 20:14:05.270   Installing the file.
2024-10-19 20:14:05.270   Creating directory: C:\Program Files (x86)\IObit\Driver Booster\12.0.0\ErrCodeSpec
2024-10-19 20:14:05.272   Successfully installed the file.
2024-10-19 20:14:05.272   -- File entry --
2024-10-19 20:14:05.272   Dest filename: C:\Program Files (x86)\IObit\Driver Booster\12.0.0\ErrCodeSpec\Bulgarian.ini
2024-10-19 20:14:05.272   Time stamp of our file: 2024-03-07 19:55:04.000
2024-10-19 20:14:05.272   Installing the file.
2024-10-19 20:14:05.274   Successfully installed the file.
2024-10-19 20:14:05.274   -- File entry --
2024-10-19 20:14:05.274   Dest filename: C:\Program Files (x86)\IObit\Driver Booster\12.0.0\ErrCodeSpec\ChineseSimp.ini
2024-10-19 20:14:05.275   Time stamp of our file: 2024-03-07 19:55:04.000
2024-10-19 20:14:05.275   Installing the file.
2024-10-19 20:14:05.276   Successfully installed the file.
2024-10-19 20:14:05.276   -- File entry --
2024-10-19 20:14:05.276   Dest filename: C:\Program Files (x86)\IObit\Driver Booster\12.0.0\ErrCodeSpec\ChineseTrad.ini
2024-10-19 20:14:05.276   Time stamp of our file: 2024-03-07 19:55:04.000
2024-10-19 20:14:05.276   Installing the file.
2024-10-19 20:14:05.278   Successfully installed the file.
2024-10-19 20:14:05.278   -- File entry --
2024-10-19 20:14:05.278   Dest filename: C:\Program Files (x86)\IObit\Driver Booster\12.0.0\ErrCodeSpec\Croatian.ini
2024-10-19 20:14:05.278   Time stamp of our file: 2024-03-07 19:55:04.000
2024-10-19 20:14:05.278   Installing the file.
2024-10-19 20:14:05.280   Successfully installed the file.
2024-10-19 20:14:05.280   -- File entry --
2024-10-19 20:14:05.280   Dest filename: C:\Program Files (x86)\IObit\Driver Booster\12.0.0\ErrCodeSpec\Danish.ini
2024-10-19 20:14:05.281   Time stamp of our file: 2024-03-07 19:55:04.000
2024-10-19 20:14:05.281   Installing the file.
2024-10-19 20:14:05.282   Successfully installed the file.
2024-10-19 20:14:05.282   -- File entry --
2024-10-19 20:14:05.282   Dest filename: C:\Program Files (x86)\IObit\Driver Booster\12.0.0\ErrCodeSpec\English.ini
2024-10-19 20:14:05.283   Time stamp of our file: 2024-03-07 19:55:04.000
2024-10-19 20:14:05.283   Installing the file.
2024-10-19 20:14:05.284   Successfully installed the file.
2024-10-19 20:14:05.284   -- File entry --
2024-10-19 20:14:05.284   Dest filename: C:\Program Files (x86)\IObit\Driver Booster\12.0.0\ErrCodeSpec\Finnish.ini
2024-10-19 20:14:05.285   Time stamp of our file: 2024-03-07 19:55:04.000
2024-10-19 20:14:05.285   Installing the file.
2024-10-19 20:14:05.286   Successfully installed the file.
2024-10-19 20:14:05.286   -- File entry --
2024-10-19 20:14:05.286   Dest filename: C:\Program Files (x86)\IObit\Driver Booster\12.0.0\ErrCodeSpec\French.ini
2024-10-19 20:14:05.286   Time stamp of our file: 2024-03-07 19:55:04.000
2024-10-19 20:14:05.286   Installing the file.
2024-10-19 20:14:05.288   Successfully installed the file.
2024-10-19 20:14:05.288   -- File entry --
2024-10-19 20:14:05.288   Dest filename: C:\Program Files (x86)\IObit\Driver Booster\12.0.0\ErrCodeSpec\German.ini
2024-10-19 20:14:05.288   Time stamp of our file: 2024-03-07 19:55:04.000
2024-10-19 20:14:05.288   Installing the file.
2024-10-19 20:14:05.290   Successfully installed the file.
2024-10-19 20:14:05.290   -- File entry --
2024-10-19 20:14:05.290   Dest filename: C:\Program Files (x86)\IObit\Driver Booster\12.0.0\ErrCodeSpec\Greek.ini
2024-10-19 20:14:05.290   Time stamp of our file: 2024-03-07 19:55:04.000
2024-10-19 20:14:05.290   Installing the file.
2024-10-19 20:14:05.292   Successfully installed the file.
2024-10-19 20:14:05.293   -- File entry --
2024-10-19 20:14:05.293   Dest filename: C:\Program Files (x86)\IObit\Driver Booster\12.0.0\ErrCodeSpec\Hebrew.ini
2024-10-19 20:14:05.293   Time stamp of our file: 2024-03-07 19:55:04.000
2024-10-19 20:14:05.293   Installing the file.
2024-10-19 20:14:05.295   Successfully installed the file.
2024-10-19 20:14:05.296   -- File entry --
2024-10-19 20:14:05.296   Dest filename: C:\Program Files (x86)\IObit\Driver Booster\12.0.0\ErrCodeSpec\Hungarian.ini
2024-10-19 20:14:05.296   Time stamp of our file: 2024-03-07 19:55:04.000
2024-10-19 20:14:05.296   Installing the file.
2024-10-19 20:14:05.297   Successfully installed the file.
2024-10-19 20:14:05.297   -- File entry --
2024-10-19 20:14:05.298   Dest filename: C:\Program Files (x86)\IObit\Driver Booster\12.0.0\ErrCodeSpec\Indonesian.ini
2024-10-19 20:14:05.298   Time stamp of our file: 2024-03-07 19:55:04.000
2024-10-19 20:14:05.298   Installing the file.
2024-10-19 20:14:05.299   Successfully installed the file.
2024-10-19 20:14:05.300   -- File entry --
2024-10-19 20:14:05.300   Dest filename: C:\Program Files (x86)\IObit\Driver Booster\12.0.0\ErrCodeSpec\Italian.ini
2024-10-19 20:14:05.300   Time stamp of our file: 2024-03-07 19:55:04.000
2024-10-19 20:14:05.300   Installing the file.
2024-10-19 20:14:05.301   Successfully installed the file.
2024-10-19 20:14:05.302   -- File entry --
2024-10-19 20:14:05.302   Dest filename: C:\Program Files (x86)\IObit\Driver Booster\12.0.0\ErrCodeSpec\Japanese.ini
2024-10-19 20:14:05.302   Time stamp of our file: 2024-09-27 14:30:42.000
2024-10-19 20:14:05.302   Installing the file.
2024-10-19 20:14:05.303   Successfully installed the file.
2024-10-19 20:14:05.303   -- File entry --
2024-10-19 20:14:05.303   Dest filename: C:\Program Files (x86)\IObit\Driver Booster\12.0.0\ErrCodeSpec\Korean.ini
2024-10-19 20:14:05.304   Time stamp of our file: 2024-03-07 19:55:04.000
2024-10-19 20:14:05.304   Installing the file.
2024-10-19 20:14:05.305   Successfully installed the file.
2024-10-19 20:14:05.305   -- File entry --
2024-10-19 20:14:05.305   Dest filename: C:\Program Files (x86)\IObit\Driver Booster\12.0.0\ErrCodeSpec\Latvian.ini
2024-10-19 20:14:05.305   Time stamp of our file: 2024-03-07 19:55:04.000
2024-10-19 20:14:05.305   Installing the file.
2024-10-19 20:14:05.307   Successfully installed the file.
2024-10-19 20:14:05.307   -- File entry --
2024-10-19 20:14:05.307   Dest filename: C:\Program Files (x86)\IObit\Driver Booster\12.0.0\ErrCodeSpec\Nederlands.ini
2024-10-19 20:14:05.307   Time stamp of our file: 2024-03-07 19:55:04.000
2024-10-19 20:14:05.307   Installing the file.
2024-10-19 20:14:05.309   Successfully installed the file.
2024-10-19 20:14:05.309   -- File entry --
2024-10-19 20:14:05.309   Dest filename: C:\Program Files (x86)\IObit\Driver Booster\12.0.0\ErrCodeSpec\Polish.ini
2024-10-19 20:14:05.309   Time stamp of our file: 2024-03-07 19:55:04.000
2024-10-19 20:14:05.309   Installing the file.
2024-10-19 20:14:05.311   Successfully installed the file.
2024-10-19 20:14:05.311   -- File entry --
2024-10-19 20:14:05.311   Dest filename: C:\Program Files (x86)\IObit\Driver Booster\12.0.0\ErrCodeSpec\Portuguese (PT-BR).ini
2024-10-19 20:14:05.311   Time stamp of our file: 2024-03-07 19:55:04.000
2024-10-19 20:14:05.311   Installing the file.
2024-10-19 20:14:05.312   Successfully installed the file.
2024-10-19 20:14:05.312   -- File entry --
2024-10-19 20:14:05.313   Dest filename: C:\Program Files (x86)\IObit\Driver Booster\12.0.0\ErrCodeSpec\Portuguese (PT-PT).ini
2024-10-19 20:14:05.313   Time stamp of our file: 2024-03-07 19:55:04.000
2024-10-19 20:14:05.313   Installing the file.
2024-10-19 20:14:05.314   Successfully installed the file.
2024-10-19 20:14:05.314   -- File entry --
2024-10-19 20:14:05.314   Dest filename: C:\Program Files (x86)\IObit\Driver Booster\12.0.0\ErrCodeSpec\Romanian.ini
2024-10-19 20:14:05.315   Time stamp of our file: 2024-03-07 19:55:04.000
2024-10-19 20:14:05.315   Installing the file.
2024-10-19 20:14:05.316   Successfully installed the file.
2024-10-19 20:14:05.316   -- File entry --
2024-10-19 20:14:05.316   Dest filename: C:\Program Files (x86)\IObit\Driver Booster\12.0.0\ErrCodeSpec\Russian.ini
2024-10-19 20:14:05.316   Time stamp of our file: 2024-03-07 19:55:04.000
2024-10-19 20:14:05.316   Installing the file.
2024-10-19 20:14:05.318   Successfully installed the file.
2024-10-19 20:14:05.318   -- File entry --
2024-10-19 20:14:05.318   Dest filename: C:\Program Files (x86)\IObit\Driver Booster\12.0.0\ErrCodeSpec\Serbian (Latin).ini
2024-10-19 20:14:05.318   Time stamp of our file: 2024-03-07 19:55:04.000
2024-10-19 20:14:05.318   Installing the file.
2024-10-19 20:14:05.320   Successfully installed the file.
2024-10-19 20:14:05.320   -- File entry --
2024-10-19 20:14:05.320   Dest filename: C:\Program Files (x86)\IObit\Driver Booster\12.0.0\ErrCodeSpec\Slovenian.ini
2024-10-19 20:14:05.320   Time stamp of our file: 2024-03-07 19:55:04.000
2024-10-19 20:14:05.320   Installing the file.
2024-10-19 20:14:05.321   Successfully installed the file.
2024-10-19 20:14:05.321   -- File entry --
2024-10-19 20:14:05.322   Dest filename: C:\Program Files (x86)\IObit\Driver Booster\12.0.0\ErrCodeSpec\Spanish.ini
2024-10-19 20:14:05.322   Time stamp of our file: 2024-03-07 19:55:04.000
2024-10-19 20:14:05.322   Installing the file.
2024-10-19 20:14:05.323   Successfully installed the file.
2024-10-19 20:14:05.323   -- File entry --
2024-10-19 20:14:05.323   Dest filename: C:\Program Files (x86)\IObit\Driver Booster\12.0.0\ErrCodeSpec\Swedish.ini
2024-10-19 20:14:05.324   Time stamp of our file: 2024-03-07 19:55:04.000
2024-10-19 20:14:05.324   Installing the file.
2024-10-19 20:14:05.325   Successfully installed the file.
2024-10-19 20:14:05.325   -- File entry --
2024-10-19 20:14:05.325   Dest filename: C:\Program Files (x86)\IObit\Driver Booster\12.0.0\ErrCodeSpec\Thai.ini
2024-10-19 20:14:05.325   Time stamp of our file: 2024-03-07 19:55:04.000
2024-10-19 20:14:05.325   Installing the file.
2024-10-19 20:14:05.327   Successfully installed the file.
2024-10-19 20:14:05.327   -- File entry --
2024-10-19 20:14:05.327   Dest filename: C:\Program Files (x86)\IObit\Driver Booster\12.0.0\ErrCodeSpec\Turkish.ini
2024-10-19 20:14:05.328   Time stamp of our file: 2024-03-07 19:55:04.000
2024-10-19 20:14:05.328   Installing the file.
2024-10-19 20:14:05.329   Successfully installed the file.
2024-10-19 20:14:05.329   -- File entry --
2024-10-19 20:14:05.329   Dest filename: C:\Program Files (x86)\IObit\Driver Booster\12.0.0\ErrCodeSpec\Ukrainian.ini
2024-10-19 20:14:05.330   Time stamp of our file: 2024-03-07 19:55:04.000
2024-10-19 20:14:05.330   Installing the file.
2024-10-19 20:14:05.331   Successfully installed the file.
2024-10-19 20:14:05.331   -- File entry --
2024-10-19 20:14:05.331   Dest filename: C:\Program Files (x86)\IObit\Driver Booster\12.0.0\LocalData\Apps.ini
2024-10-19 20:14:05.332   Time stamp of our file: 2024-03-12 14:35:16.000
2024-10-19 20:14:05.332   Installing the file.
2024-10-19 20:14:05.332   Creating directory: C:\Program Files (x86)\IObit\Driver Booster\12.0.0\LocalData
2024-10-19 20:14:05.333   Successfully installed the file.
2024-10-19 20:14:05.333   -- File entry --
2024-10-19 20:14:05.333   Dest filename: C:\Program Files (x86)\IObit\Driver Booster\12.0.0\LocalData\dtionex.ini
2024-10-19 20:14:05.333   Time stamp of our file: 2024-03-12 14:35:16.000
2024-10-19 20:14:05.333   Installing the file.
2024-10-19 20:14:05.334   Successfully installed the file.
2024-10-19 20:14:05.334   -- File entry --
2024-10-19 20:14:05.334   Dest filename: C:\Program Files (x86)\IObit\Driver Booster\12.0.0\LocalData\InstConf.ini
2024-10-19 20:14:05.335   Time stamp of our file: 2024-03-07 19:55:04.000
2024-10-19 20:14:05.335   Installing the file.
2024-10-19 20:14:05.335   Successfully installed the file.
2024-10-19 20:14:05.336   -- File entry --
2024-10-19 20:14:05.336   Dest filename: C:\Program Files (x86)\IObit\Driver Booster\12.0.0\LocalData\OffUpd.ini
2024-10-19 20:14:05.336   Time stamp of our file: 2024-08-16 18:05:38.000
2024-10-19 20:14:05.336   Installing the file.
2024-10-19 20:14:05.337   Successfully installed the file.
2024-10-19 20:14:05.337   -- File entry --
2024-10-19 20:14:05.337   Dest filename: C:\Program Files (x86)\IObit\Driver Booster\12.0.0\LocalData\RqstFilter.ini
2024-10-19 20:14:05.337   Time stamp of our file: 2024-03-07 19:55:04.000
2024-10-19 20:14:05.337   Installing the file.
2024-10-19 20:14:05.338   Successfully installed the file.
2024-10-19 20:14:05.338   -- File entry --
2024-10-19 20:14:05.338   Dest filename: C:\Program Files (x86)\IObit\Driver Booster\12.0.0\LocalData\Scheduler.ini
2024-10-19 20:14:05.338   Time stamp of our file: 2024-04-07 20:08:08.000
2024-10-19 20:14:05.338   Installing the file.
2024-10-19 20:14:05.339   Successfully installed the file.
2024-10-19 20:14:05.339   -- File entry --
2024-10-19 20:14:05.339   Dest filename: C:\Program Files (x86)\IObit\Driver Booster\12.0.0\LocalData\Vendor.ini
2024-10-19 20:14:05.340   Time stamp of our file: 2024-03-07 19:55:04.000
2024-10-19 20:14:05.340   Installing the file.
2024-10-19 20:14:05.341   Successfully installed the file.
2024-10-19 20:14:05.341   -- File entry --
2024-10-19 20:14:05.341   Dest filename: C:\Program Files (x86)\IObit\Driver Booster\12.0.0\LocalData\WhiteList.ini
2024-10-19 20:14:05.341   Time stamp of our file: 2024-09-10 15:46:12.000
2024-10-19 20:14:05.341   Installing the file.
2024-10-19 20:14:05.342   Successfully installed the file.
2024-10-19 20:14:05.342   -- File entry --
2024-10-19 20:14:05.342   Dest filename: C:\Program Files (x86)\IObit\Driver Booster\12.0.0\Update\appver-ac.ini
2024-10-19 20:14:05.342   Time stamp of our file: 2024-04-22 10:34:14.000
2024-10-19 20:14:05.342   Installing the file.
2024-10-19 20:14:05.343   Creating directory: C:\Program Files (x86)\IObit\Driver Booster\12.0.0\Update
2024-10-19 20:14:05.344   Successfully installed the file.
2024-10-19 20:14:05.344   -- File entry --
2024-10-19 20:14:05.344   Dest filename: C:\Program Files (x86)\IObit\Driver Booster\12.0.0\Update\Freeware.ini
2024-10-19 20:14:05.344   Time stamp of our file: 2024-09-27 14:30:42.000
2024-10-19 20:14:05.344   Installing the file.
2024-10-19 20:14:05.345   Successfully installed the file.
2024-10-19 20:14:05.345   -- File entry --
2024-10-19 20:14:05.346   Dest filename: C:\Program Files (x86)\IObit\Driver Booster\12.0.0\Update\Update.ini
2024-10-19 20:14:05.346   Time stamp of our file: 2024-10-10 10:39:02.000
2024-10-19 20:14:05.346   Installing the file.
2024-10-19 20:14:05.347   Successfully installed the file.
2024-10-19 20:14:05.347   -- File entry --
2024-10-19 20:14:05.347   Dest filename: C:\Program Files (x86)\IObit\Driver Booster\12.0.0\Icons\Main\0.ico
2024-10-19 20:14:05.347   Time stamp of our file: 2024-03-07 19:55:04.000
2024-10-19 20:14:05.347   Installing the file.
2024-10-19 20:14:05.347   Creating directory: C:\Program Files (x86)\IObit\Driver Booster\12.0.0\Icons
2024-10-19 20:14:05.348   Creating directory: C:\Program Files (x86)\IObit\Driver Booster\12.0.0\Icons\Main
2024-10-19 20:14:05.352   Successfully installed the file.
2024-10-19 20:14:05.352   -- File entry --
2024-10-19 20:14:05.352   Dest filename: C:\Program Files (x86)\IObit\Driver Booster\12.0.0\Icons\Apps\directx.png
2024-10-19 20:14:05.352   Time stamp of our file: 2024-03-07 19:55:04.000
2024-10-19 20:14:05.352   Installing the file.
2024-10-19 20:14:05.352   Creating directory: C:\Program Files (x86)\IObit\Driver Booster\12.0.0\Icons\Apps
2024-10-19 20:14:05.353   Successfully installed the file.
2024-10-19 20:14:05.354   -- File entry --
2024-10-19 20:14:05.354   Dest filename: C:\Program Files (x86)\IObit\Driver Booster\12.0.0\Icons\Apps\dotnet.png
2024-10-19 20:14:05.354   Time stamp of our file: 2024-03-07 19:55:04.000
2024-10-19 20:14:05.354   Installing the file.
2024-10-19 20:14:05.355   Successfully installed the file.
2024-10-19 20:14:05.355   -- File entry --
2024-10-19 20:14:05.355   Dest filename: C:\Program Files (x86)\IObit\Driver Booster\12.0.0\Icons\Apps\jre.png
2024-10-19 20:14:05.355   Time stamp of our file: 2024-03-07 19:55:04.000
2024-10-19 20:14:05.355   Installing the file.
2024-10-19 20:14:05.356   Successfully installed the file.
2024-10-19 20:14:05.356   -- File entry --
2024-10-19 20:14:05.356   Dest filename: C:\Program Files (x86)\IObit\Driver Booster\12.0.0\Icons\Apps\LDPicon.png
2024-10-19 20:14:05.356   Time stamp of our file: 2024-03-07 19:55:04.000
2024-10-19 20:14:05.356   Installing the file.
2024-10-19 20:14:05.357   Successfully installed the file.
2024-10-19 20:14:05.357   -- File entry --
2024-10-19 20:14:05.357   Dest filename: C:\Program Files (x86)\IObit\Driver Booster\12.0.0\Icons\Apps\LDPmini.png
2024-10-19 20:14:05.358   Time stamp of our file: 2024-03-07 19:55:04.000
2024-10-19 20:14:05.358   Installing the file.
2024-10-19 20:14:05.361   Successfully installed the file.
2024-10-19 20:14:05.361   -- File entry --
2024-10-19 20:14:05.361   Dest filename: C:\Program Files (x86)\IObit\Driver Booster\12.0.0\Icons\Apps\minitoolicon.png
2024-10-19 20:14:05.361   Time stamp of our file: 2024-03-07 19:55:04.000
2024-10-19 20:14:05.361   Installing the file.
2024-10-19 20:14:05.362   Successfully installed the file.
2024-10-19 20:14:05.362   -- File entry --
2024-10-19 20:14:05.362   Dest filename: C:\Program Files (x86)\IObit\Driver Booster\12.0.0\Icons\Apps\minitooloffer.png
2024-10-19 20:14:05.363   Time stamp of our file: 2024-03-07 19:55:04.000
2024-10-19 20:14:05.363   Installing the file.
2024-10-19 20:14:05.369   Successfully installed the file.
2024-10-19 20:14:05.369   -- File entry --
2024-10-19 20:14:05.369   Dest filename: C:\Program Files (x86)\IObit\Driver Booster\12.0.0\Icons\Apps\null.png
2024-10-19 20:14:05.369   Time stamp of our file: 2024-03-07 19:55:04.000
2024-10-19 20:14:05.369   Installing the file.
2024-10-19 20:14:05.370   Successfully installed the file.
2024-10-19 20:14:05.370   -- File entry --
2024-10-19 20:14:05.370   Dest filename: C:\Program Files (x86)\IObit\Driver Booster\12.0.0\Icons\Apps\openal.png
2024-10-19 20:14:05.371   Time stamp of our file: 2024-03-07 19:55:04.000
2024-10-19 20:14:05.371   Installing the file.
2024-10-19 20:14:05.372   Successfully installed the file.
2024-10-19 20:14:05.372   -- File entry --
2024-10-19 20:14:05.372   Dest filename: C:\Program Files (x86)\IObit\Driver Booster\12.0.0\Icons\Apps\physx.png
2024-10-19 20:14:05.373   Time stamp of our file: 2024-03-07 19:55:04.000
2024-10-19 20:14:05.373   Installing the file.
2024-10-19 20:14:05.374   Successfully installed the file.
2024-10-19 20:14:05.374   -- File entry --
2024-10-19 20:14:05.374   Dest filename: C:\Program Files (x86)\IObit\Driver Booster\12.0.0\Icons\Apps\silverlight.png
2024-10-19 20:14:05.374   Time stamp of our file: 2024-03-07 19:55:04.000
2024-10-19 20:14:05.374   Installing the file.
2024-10-19 20:14:05.375   Successfully installed the file.
2024-10-19 20:14:05.375   -- File entry --
2024-10-19 20:14:05.375   Dest filename: C:\Program Files (x86)\IObit\Driver Booster\12.0.0\Icons\Apps\soft.ico
2024-10-19 20:14:05.375   Time stamp of our file: 2024-03-07 19:55:04.000
2024-10-19 20:14:05.375   Installing the file.
2024-10-19 20:14:05.376   Successfully installed the file.
2024-10-19 20:14:05.376   -- File entry --
2024-10-19 20:14:05.376   Dest filename: C:\Program Files (x86)\IObit\Driver Booster\12.0.0\Icons\Apps\unity3d.png
2024-10-19 20:14:05.377   Time stamp of our file: 2024-03-07 19:55:04.000
2024-10-19 20:14:05.377   Installing the file.
2024-10-19 20:14:05.378   Successfully installed the file.
2024-10-19 20:14:05.378   -- File entry --
2024-10-19 20:14:05.378   Dest filename: C:\Program Files (x86)\IObit\Driver Booster\12.0.0\Icons\Apps\vcrt2008.png
2024-10-19 20:14:05.378   Time stamp of our file: 2024-03-07 19:55:04.000
2024-10-19 20:14:05.378   Installing the file.
2024-10-19 20:14:05.379   Successfully installed the file.
2024-10-19 20:14:05.379   -- File entry --
2024-10-19 20:14:05.379   Dest filename: C:\Program Files (x86)\IObit\Driver Booster\12.0.0\Icons\Apps\vcrt2010.png
2024-10-19 20:14:05.380   Time stamp of our file: 2024-03-07 19:55:04.000
2024-10-19 20:14:05.380   Installing the file.
2024-10-19 20:14:05.381   Successfully installed the file.
2024-10-19 20:14:05.381   -- File entry --
2024-10-19 20:14:05.381   Dest filename: C:\Program Files (x86)\IObit\Driver Booster\12.0.0\Icons\Apps\vcrt2012.png
2024-10-19 20:14:05.381   Time stamp of our file: 2024-03-07 19:55:04.000
2024-10-19 20:14:05.381   Installing the file.
2024-10-19 20:14:05.382   Successfully installed the file.
2024-10-19 20:14:05.382   -- File entry --
2024-10-19 20:14:05.382   Dest filename: C:\Program Files (x86)\IObit\Driver Booster\12.0.0\Icons\Apps\vcrt2013.png
2024-10-19 20:14:05.382   Time stamp of our file: 2024-03-07 19:55:04.000
2024-10-19 20:14:05.382   Installing the file.
2024-10-19 20:14:05.383   Successfully installed the file.
2024-10-19 20:14:05.383   -- File entry --
2024-10-19 20:14:05.383   Dest filename: C:\Program Files (x86)\IObit\Driver Booster\12.0.0\Icons\Apps\vcrt2015.png
2024-10-19 20:14:05.384   Time stamp of our file: 2024-03-07 19:55:04.000
2024-10-19 20:14:05.384   Installing the file.
2024-10-19 20:14:05.384   Successfully installed the file.
2024-10-19 20:14:05.385   -- File entry --
2024-10-19 20:14:05.385   Dest filename: C:\Program Files (x86)\IObit\Driver Booster\12.0.0\Icons\Apps\vcrt2017.png
2024-10-19 20:14:05.385   Time stamp of our file: 2024-03-07 19:55:04.000
2024-10-19 20:14:05.385   Installing the file.
2024-10-19 20:14:05.386   Successfully installed the file.
2024-10-19 20:14:05.386   -- File entry --
2024-10-19 20:14:05.386   Dest filename: C:\Program Files (x86)\IObit\Driver Booster\12.0.0\Icons\Apps\vcrt2019.png
2024-10-19 20:14:05.386   Time stamp of our file: 2024-03-07 19:55:04.000
2024-10-19 20:14:05.386   Installing the file.
2024-10-19 20:14:05.388   Successfully installed the file.
2024-10-19 20:14:05.388   -- File entry --
2024-10-19 20:14:05.388   Dest filename: C:\Program Files (x86)\IObit\Driver Booster\12.0.0\Icons\Apps\vcrt2022.png
2024-10-19 20:14:05.388   Time stamp of our file: 2024-03-07 19:55:04.000
2024-10-19 20:14:05.388   Installing the file.
2024-10-19 20:14:05.389   Successfully installed the file.
2024-10-19 20:14:05.389   -- File entry --
2024-10-19 20:14:05.389   Dest filename: C:\Program Files (x86)\IObit\Driver Booster\12.0.0\Icons\Apps\wingame.png
2024-10-19 20:14:05.390   Time stamp of our file: 2024-03-07 19:55:04.000
2024-10-19 20:14:05.390   Installing the file.
2024-10-19 20:14:05.391   Successfully installed the file.
2024-10-19 20:14:05.391   -- File entry --
2024-10-19 20:14:05.391   Dest filename: C:\Program Files (x86)\IObit\Driver Booster\12.0.0\Icons\Apps\xml.png
2024-10-19 20:14:05.392   Time stamp of our file: 2024-03-07 19:55:04.000
2024-10-19 20:14:05.392   Installing the file.
2024-10-19 20:14:05.393   Successfully installed the file.
2024-10-19 20:14:05.393   -- File entry --
2024-10-19 20:14:05.393   Dest filename: C:\Program Files (x86)\IObit\Driver Booster\12.0.0\Icons\Apps\xna.png
2024-10-19 20:14:05.393   Time stamp of our file: 2024-03-07 19:55:04.000
2024-10-19 20:14:05.393   Installing the file.
2024-10-19 20:14:05.394   Successfully installed the file.
2024-10-19 20:14:05.394   -- File entry --
2024-10-19 20:14:05.394   Dest filename: C:\Program Files (x86)\IObit\Driver Booster\12.0.0\IObitDownloader.exe
2024-10-19 20:14:05.394   Time stamp of our file: 2024-08-27 10:51:12.000
2024-10-19 20:14:05.394   Installing the file.
2024-10-19 20:14:05.435   Successfully installed the file.
2024-10-19 20:14:05.435   -- File entry --
2024-10-19 20:14:05.435   Dest filename: C:\Program Files (x86)\IObit\Driver Booster\12.0.0\7zTest.7z
2024-10-19 20:14:05.436   Time stamp of our file: 2024-03-07 19:55:04.000
2024-10-19 20:14:05.436   Installing the file.
2024-10-19 20:14:05.437   Successfully installed the file.
2024-10-19 20:14:05.437   -- File entry --
2024-10-19 20:14:05.437   Dest filename: C:\Program Files (x86)\IObit\Driver Booster\12.0.0\local.dat
2024-10-19 20:14:05.437   Time stamp of our file: 2024-09-27 14:30:42.000
2024-10-19 20:14:05.437   Installing the file.
2024-10-19 20:14:05.438   Successfully installed the file.
2024-10-19 20:14:05.438   -- File entry --
2024-10-19 20:14:05.438   Dest filename: C:\Program Files (x86)\IObit\Driver Booster\12.0.0\TrialPromote.exe
2024-10-19 20:14:05.438   Time stamp of our file: 2024-08-23 10:04:40.000
2024-10-19 20:14:05.438   Installing the file.
2024-10-19 20:14:05.478   Successfully installed the file.
2024-10-19 20:14:05.479   -- File entry --
2024-10-19 20:14:05.479   Dest filename: C:\Program Files (x86)\IObit\Driver Booster\12.0.0\Transform.exe
2024-10-19 20:14:05.479   Time stamp of our file: 2024-08-28 10:12:14.000
2024-10-19 20:14:05.479   Installing the file.
2024-10-19 20:14:05.505   Successfully installed the file.
2024-10-19 20:14:05.505   -- File entry --
2024-10-19 20:14:05.505   Dest filename: C:\Program Files (x86)\IObit\Driver Booster\12.0.0\IsuScan.exe
2024-10-19 20:14:05.506   Time stamp of our file: 2024-08-09 15:36:40.000
2024-10-19 20:14:05.506   Installing the file.
2024-10-19 20:14:05.516   Successfully installed the file.
2024-10-19 20:14:05.516   -- File entry --
2024-10-19 20:14:05.516   Dest filename: C:\Program Files (x86)\IObit\Driver Booster\12.0.0\TrialSchPt.exe
2024-10-19 20:14:05.516   Time stamp of our file: 2024-08-28 10:12:28.000
2024-10-19 20:14:05.516   Installing the file.
2024-10-19 20:14:05.566   Successfully installed the file.
2024-10-19 20:14:05.566   -- Icon entry --
2024-10-19 20:14:05.567   Dest filename: C:\ProgramData\Microsoft\Windows\Start Menu\Programs\Driver Booster 12\Driver Booster 12.lnk
2024-10-19 20:14:05.567   Creating directory: C:\ProgramData\Microsoft\Windows\Start Menu\Programs\Driver Booster 12
2024-10-19 20:14:05.582   Creating the icon.
2024-10-19 20:14:05.651   Successfully created the icon.
2024-10-19 20:14:05.660   -- Icon entry --
2024-10-19 20:14:05.660   Dest filename: C:\ProgramData\Microsoft\Windows\Start Menu\Programs\Driver Booster 12\Desinstalar Driver Booster 12.lnk
2024-10-19 20:14:05.660   Creating the icon.
2024-10-19 20:14:05.664   Successfully created the icon.
2024-10-19 20:14:05.672   -- Icon entry --
2024-10-19 20:14:05.672   Dest filename: C:\Program Files (x86)\IObit\Driver Booster\12.0.0\Driver Booster 12.lnk
2024-10-19 20:14:05.673   Creating the icon.
2024-10-19 20:14:05.676   Successfully created the icon.
2024-10-19 20:14:05.691   -- Icon entry --
2024-10-19 20:14:05.691   Dest filename: C:\Users\Public\Desktop\Driver Booster 12.lnk
2024-10-19 20:14:05.692   Creating the icon.
2024-10-19 20:14:05.696   Successfully created the icon.
2024-10-19 20:14:05.828   -- Registry entry --
2024-10-19 20:14:05.828   Key: HKEY_LOCAL_MACHINE\SOFTWARE\{cm:Company}\{cm:AppID}
2024-10-19 20:14:05.828   Creating or opening the key.
2024-10-19 20:14:05.828   Successfully created the key.
2024-10-19 20:14:05.829   Saving uninstall information.
2024-10-19 20:14:05.829   Writing uninstaller messages: C:\Program Files (x86)\IObit\Driver Booster\12.0.0\unins000.msg
2024-10-19 20:14:05.829   Deleting any uninstall keys left over from previous installs
2024-10-19 20:14:05.829   Creating new uninstall key: HKEY_LOCAL_MACHINE\Software\Microsoft\Windows\CurrentVersion\Uninstall\Driver Booster_is1
2024-10-19 20:14:05.829   Writing uninstall key values.
2024-10-19 20:14:05.842   Installation process succeeded.
2024-10-19 20:14:05.846   -- Run entry --
2024-10-19 20:14:05.846   Run as: Current user
2024-10-19 20:14:05.846   Type: Exec
2024-10-19 20:14:05.846   Filename: C:\Program Files (x86)\IObit\Driver Booster\12.0.0\HWiNFO\HWiNFO.exe
2024-10-19 20:14:05.846   Parameters: /brandname
2024-10-19 20:14:08.570   Need to restart Windows? No
